GPS: 573535250, 1, 0, 51.4593200, -2.7892785, 0.0000, 45.1500, 70.1200, 28.7300, 168.3500
ATT: -1489, 1900, 16804
GPS: 573535250, 1, 0, 51.4593200, -2.7892785, 0.0000, 45.6300, 70.1200, 28.7300, 168.3500
ATT: -1700, 1741, 16596
GPS: 573535500, 1, 0, 51.4592590, -2.7892509, 0.0000, 46.1100, 71.7400, 28.7400, 167.5600
ATT: -1954, 1749, 16513
GPS: 573535500, 1, 0, 51.4592590, -2.7892509, 0.0000, 46.4300, 71.7400, 28.7400, 167.5600
ATT: -1863, 1928, 16658
GPS: 573535500, 1, 0, 51.4592590, -2.7892509, 0.0000, 46.8300, 71.7400, 28.7400, 167.5600
ATT: -1642, 1998, 16707
GPS: 573535750, 1, 0, 51.4591940, -2.7892234, 0.0000, 47.1600, 73.4700, 29.2500, 167.4400
ATT: -1679, 1904, 16626
GPS: 573535750, 1, 0, 51.4591940, -2.7892234, 0.0000, 47.5600, 73.4700, 29.2500, 167.4400
ATT: -1850, 1796, 16547
GPS: 573536000, 1, 0, 51.4591260, -2.7891948, 0.0000, 47.9600, 74.6400, 29.2500, 166.0200
ATT: -2011, 1745, 16507
GPS: 573536000, 1, 0, 51.4591260, -2.7891948, 0.0000, 48.2000, 74.6400, 29.2500, 166.0200
ATT: -2115, 1760, 16473
GPS: 573536000, 1, 0, 51.4591260, -2.7891948, 0.0000, 48.5200, 74.6400, 29.2500, 166.0200
ATT: -2147, 1772, 16357
GPS: 573536250, 1, 0, 51.4590610, -2.7891641, 0.0000, 48.8400, 75.8300, 29.3100, 165.3800
ATT: -2147, 1757, 16280
GPS: 573536250, 1, 0, 51.4590610, -2.7891641, 0.0000, 49.1600, 75.8300, 29.3100, 165.3800
ATT: -2136, 1774, 16288
GPS: 573536500, 1, 0, 51.4590000, -2.7891300, 0.0000, 49.4800, 77.1400, 29.5500, 164.8800
ATT: -2090, 1850, 16380
GPS: 573536500, 1, 0, 51.4590000, -2.7891300, 0.0000, 49.7300, 77.1400, 29.5500, 164.8800
ATT: -1937, 1927, 16577
GPS: 573536500, 1, 0, 51.4590000, -2.7891300, 0.0000, 49.9700, 77.1400, 29.5500, 164.8800
ATT: -1938, 1844, 16546
GPS: 573536750, 1, 0, 51.4589350, -2.7890980, 0.0000, 50.2900, 78.1100, 29.4400, 164.0700
ATT: -2278, 1704, 16387
GPS: 573536750, 1, 0, 51.4589350, -2.7890980, 0.0000, 50.6900, 78.1100, 29.4400, 164.0700
ATT: -2598, 1675, 16326
GPS: 573537000, 1, 0, 51.4588700, -2.7890613, 0.0000, 51.0900, 79.2500, 29.5100, 161.3200
ATT: -2645, 1804, 16323
GPS: 573537000, 1, 0, 51.4588700, -2.7890613, 0.0000, 51.3300, 79.2500, 29.5100, 161.3200
ATT: -2610, 1857, 16274
GPS: 573537000, 1, 0, 51.4588700, -2.7890613, 0.0000, 51.6500, 79.2500, 29.5100, 161.3200
ATT: -2595, 1794, 16120
GPS: 573537250, 1, 0, 51.4588050, -2.7890191, 0.0000, 52.0600, 80.2100, 29.5900, 160.3100
ATT: -2658, 1735, 15991
GPS: 573537250, 1, 0, 51.4588050, -2.7890191, 0.0000, 52.5400, 80.2100, 29.5900, 160.3100
ATT: -2625, 1747, 15977
GPS: 573537500, 1, 0, 51.4587440, -2.7889757, 0.0000, 52.9400, 81.0300, 29.7000, 158.4000
ATT: -2479, 1739, 15939
GPS: 573537500, 1, 0, 51.4587440, -2.7889757, 0.0000, 53.2600, 81.0300, 29.7000, 158.4000
ATT: -2472, 1664, 15864
GPS: 573537500, 1, 0, 51.4587440, -2.7889757, 0.0000, 53.5800, 81.0300, 29.7000, 158.4000
ATT: -2401, 1632, 15816
GPS: 573537750, 1, 0, 51.4586830, -2.7889290, 0.0000, 53.8200, 81.6400, 29.8400, 157.0400
ATT: -2314, 1632, 15827
GPS: 573537750, 1, 0, 51.4586830, -2.7889290, 0.0000, 54.0700, 81.6400, 29.8400, 157.0400
ATT: -2233, 1594, 15808
GPS: 573538000, 1, 0, 51.4586260, -2.7888808, 0.0000, 54.3900, 82.2500, 29.9500, 156.1900
ATT: -2161, 1571, 15798
GPS: 573538000, 1, 0, 51.4586260, -2.7888808, 0.0000, 54.6300, 82.2500, 29.9500, 156.1900
ATT: -2414, 1459, 15825
GPS: 573538000, 1, 0, 51.4586260, -2.7888808, 0.0000, 54.8700, 82.2500, 29.9500, 156.1900
ATT: -2583, 1435, 15778
GPS: 573538250, 1, 0, 51.4585650, -2.7888312, 0.0000, 55.1100, 82.8300, 29.9300, 155.4600
ATT: -2677, 1451, 15656
GPS: 573538250, 1, 0, 51.4585650, -2.7888312, 0.0000, 55.3500, 82.8300, 29.9300, 155.4600
ATT: -2707, 1495, 15565
GPS: 573538500, 1, 0, 51.4585040, -2.7887785, 0.0000, 55.5900, 83.3600, 30.0800, 154.4600
ATT: -2689, 1530, 15482
GPS: 573538500, 1, 0, 51.4585040, -2.7887785, 0.0000, 55.7500, 83.3600, 30.0800, 154.4600
ATT: -2652, 1531, 15402
GPS: 573538500, 1, 0, 51.4585040, -2.7887785, 0.0000, 55.9100, 83.3600, 30.0800, 154.4600
ATT: -2579, 1517, 15345
GPS: 573538750, 1, 0, 51.4584470, -2.7887261, 0.0000, 56.1500, 83.7800, 30.2600, 153.4300
ATT: -2511, 1507, 15315
GPS: 573538750, 1, 0, 51.4584470, -2.7887261, 0.0000, 56.4000, 83.7800, 30.2600, 153.4300
ATT: -2491, 1490, 15293
GPS: 573539000, 1, 0, 51.4583850, -2.7886703, 0.0000, 56.5600, 84.3000, 30.4200, 152.3800
ATT: -2461, 1467, 15278
GPS: 573539000, 1, 0, 51.4583850, -2.7886703, 0.0000, 56.7200, 84.3000, 30.4200, 152.3800
ATT: -2464, 1418, 15275
GPS: 573539000, 1, 0, 51.4583850, -2.7886703, 0.0000, 56.8800, 84.3000, 30.4200, 152.3800
ATT: -2536, 1347, 15231
GPS: 573539250, 1, 0, 51.4583280, -2.7886157, 0.0000, 57.0400, 84.8300, 30.4900, 151.6800
ATT: -2596, 1344, 15201
GPS: 573539250, 1, 0, 51.4583280, -2.7886157, 0.0000, 57.2000, 84.8300, 30.4900, 151.6800
ATT: -2626, 1352, 15125
GPS: 573539500, 1, 0, 51.4582670, -2.7885587, 0.0000, 57.3600, 85.1900, 30.6000, 150.7200
ATT: -2634, 1348, 15058
GPS: 573539500, 1, 0, 51.4582670, -2.7885587, 0.0000, 57.4400, 85.1900, 30.6000, 150.7200
ATT: -2684, 1336, 15048
GPS: 573539500, 1, 0, 51.4582670, -2.7885587, 0.0000, 57.5200, 85.1900, 30.6000, 150.7200
ATT: -2714, 1318, 15017
GPS: 573539750, 1, 0, 51.4582060, -2.7885017, 0.0000, 57.6800, 85.1400, 30.7300, 149.5800
ATT: -2754, 1300, 14936
GPS: 573539750, 1, 0, 51.4582060, -2.7885017, 0.0000, 57.7600, 85.1400, 30.7300, 149.5800
ATT: -2756, 1331, 14887
GPS: 573540000, 1, 0, 51.4581490, -2.7884433, 0.0000, 57.8400, 85.2100, 30.8600, 148.8700
ATT: -2752, 1374, 14872
GPS: 573540000, 1, 0, 51.4581490, -2.7884433, 0.0000, 57.9200, 85.2100, 30.8600, 148.8700
ATT: -2742, 1379, 14827
GPS: 573540000, 1, 0, 51.4581490, -2.7884433, 0.0000, 58.0000, 85.2100, 30.8600, 148.8700
ATT: -2833, 1347, 14761
GPS: 573540250, 1, 0, 51.4580920, -2.7883823, 0.0000, 58.0800, 85.0700, 31.0600, 147.7400
ATT: -2936, 1341, 14691
GPS: 573540250, 1, 0, 51.4580920, -2.7883823, 0.0000, 58.1600, 85.0700, 31.0600, 147.7400
ATT: -2939, 1395, 14655
GPS: 573540500, 1, 0, 51.4580310, -2.7883182, 0.0000, 58.1600, 84.9500, 31.1800, 146.4200
ATT: -2935, 1425, 14609
GPS: 573540500, 1, 0, 51.4580310, -2.7883182, 0.0000, 58.1600, 84.9500, 31.1800, 146.4200
ATT: -3046, 1407, 14536
GPS: 573540500, 1, 0, 51.4580310, -2.7883182, 0.0000, 58.1600, 84.9500, 31.1800, 146.4200
ATT: -3211, 1393, 14477
GPS: 573540750, 1, 0, 51.4579730, -2.7882533, 0.0000, 58.1600, 84.6600, 31.5200, 144.6100
ATT: -3338, 1433, 14422
GPS: 573540750, 1, 0, 51.4579730, -2.7882533, 0.0000, 58.1600, 84.6600, 31.5200, 144.6100
PM:20020,1001,20,0,17,0,0,102,0,0, 
CMD:4,16,0,6000,514588800,-27918362, 
ATT: -3441, 1460, 14310
GPS: 573541000, 1, 0, 51.4579120, -2.7881839, 0.0000, 58.1600, 84.5700, 31.4100, 143.6400
ATT: -2770, 1474, 14230
GPS: 573541000, 1, 0, 51.4579120, -2.7881839, 0.0000, 58.1600, 84.5700, 31.4100, 143.6400
ATT: 903, 1407, 14573
GPS: 573541000, 1, 0, 51.4579120, -2.7881839, 0.0000, 58.1600, 84.5700, 31.4100, 143.6400
ATT: 4043, 697, 14508
GPS: 573541250, 1, 0, 51.4578550, -2.7881126, 0.0000, 58.3300, 84.4000, 31.5600, 142.0200
ATT: 5500, 732, 14595
GPS: 573541250, 1, 0, 51.4578550, -2.7881126, 0.0000, 58.5700, 84.4000, 31.5600, 142.0200
ATT: 6096, 1096, 14985
GPS: 573541500, 1, 0, 51.4577980, -2.7880399, 0.0000, 58.8900, 84.4200, 31.4100, 141.0100
ATT: 6192, 1134, 15412
GPS: 573541500, 1, 0, 51.4577980, -2.7880399, 0.0000, 59.1300, 84.4200, 31.4100, 141.0100
ATT: 6527, 1004, 15844
GPS: 573541500, 1, 0, 51.4577980, -2.7880399, 0.0000, 59.2900, 84.4200, 31.4100, 141.0100
ATT: 6879, 1026, 16210
GPS: 573541750, 1, 0, 51.4577450, -2.7879703, 0.0000, 59.3700, 83.7300, 31.7400, 139.3100
ATT: 6997, 1171, 16549
GPS: 573541750, 1, 0, 51.4577450, -2.7879703, 0.0000, 59.4500, 83.7300, 31.7400, 139.3100
ATT: 6914, 1259, 16916
GPS: 573542000, 1, 0, 51.4576870, -2.7879105, 0.0000, 59.5300, 82.8900, 30.5500, 144.4400
ATT: 7004, 1240, 17313
GPS: 573542000, 1, 0, 51.4576870, -2.7879105, 0.0000, 59.6100, 82.8900, 30.5500, 144.4400
ATT: 7124, 1244, 17634
GPS: 573542000, 1, 0, 51.4576870, -2.7879105, 0.0000, 59.6100, 82.8900, 30.5500, 144.4400
ATT: 7219, 1328, 18003
GPS: 573542250, 1, 0, 51.4576260, -2.7878740, 0.0000, 59.3700, 81.5600, 28.2100, 152.8600
ATT: 7230, 1356, 18353
GPS: 573542250, 1, 0, 51.4576260, -2.7878740, 0.0000, 58.9700, 81.5600, 28.2100, 152.8600
ATT: 7234, 1378, 18746
GPS: 573542500, 1, 0, 51.4575690, -2.7878704, 0.0000, 58.4900, 79.8700, 26.4100, 169.3700
ATT: 7295, 1385, 19216
GPS: 573542500, 1, 0, 51.4575690, -2.7878704, 0.0000, 58.1600, 79.8700, 26.4100, 169.3700
ATT: 7392, 1423, 19595
GPS: 573542500, 1, 0, 51.4575690, -2.7878704, 0.0000, 57.6800, 79.8700, 26.4100, 169.3700
ATT: 7356, 1495, 20040
GPS: 573542750, 1, 0, 51.4575080, -2.7878988, 0.0000, 57.1200, 78.0600, 27.7600, 188.4800
ATT: 7401, 1517, 20568
GPS: 573542750, 1, 0, 51.4575080, -2.7878988, 0.0000, 56.5600, 78.0600, 27.7600, 188.4800
ATT: 7491, 1556, 21095
GPS: 573543000, 1, 0, 51.4574550, -2.7879522, 0.0000, 55.9100, 75.8600, 28.7400, 203.1400
ATT: 7500, 1554, 21642
GPS: 573543000, 1, 0, 51.4574550, -2.7879522, 0.0000, 55.5100, 75.8600, 28.7400, 203.1400
ATT: 7550, 1564, 22170
GPS: 573543000, 1, 0, 51.4574550, -2.7879522, 0.0000, 55.0300, 75.8600, 28.7400, 203.1400
ATT: 7535, 1633, 22695
GPS: 573543250, 1, 0, 51.4574090, -2.7880297, 0.0000, 54.4700, 73.7400, 30.0400, 217.4200
ATT: 7479, 1681, 23259
GPS: 573543250, 1, 0, 51.4574090, -2.7880297, 0.0000, 53.8200, 73.7400, 30.0400, 217.4200
ATT: 7396, 1714, 23767
GPS: 573543500, 1, 0, 51.4573750, -2.7881303, 0.0000, 53.1800, 72.4200, 31.2200, 235.4100
ATT: 7381, 1756, 24290
GPS: 573543500, 1, 0, 51.4573750, -2.7881303, 0.0000, 52.7800, 72.4200, 31.2200, 235.4100
ATT: 7461, 1822, 24807
GPS: 573543500, 1, 0, 51.4573750, -2.7881303, 0.0000, 52.3000, 72.4200, 31.2200, 235.4100
ATT: 7423, 1903, 25373
GPS: 573543750, 1, 0, 51.4573630, -2.7882452, 0.0000, 51.9800, 71.9100, 32.2500, 253.1400
ATT: 7432, 1918, 25955
GPS: 573543750, 1, 0, 51.4573630, -2.7882452, 0.0000, 51.7300, 71.9100, 32.2500, 253.1400
ATT: 7355, 1984, 26483
GPS: 573544000, 1, 0, 51.4573670, -2.7883663, 0.0000, 51.5700, 73.1300, 33.3800, 266.9500
ATT: 7040, 2106, 26985
GPS: 573544000, 1, 0, 51.4573670, -2.7883663, 0.0000, 51.4900, 73.1300, 33.3800, 266.9500
ATT: 6518, 2222, 27400
GPS: 573544000, 1, 0, 51.4573670, -2.7883663, 0.0000, 51.5700, 73.1300, 33.3800, 266.9500
ATT: 6032, 2379, 27764
GPS: 573544250, 1, 0, 51.4573860, -2.7884831, 0.0000, 51.8100, 75.1400, 33.8600, 282.6900
ATT: 5447, 2515, 27988
GPS: 573544250, 1, 0, 51.4573860, -2.7884831, 0.0000, 52.3800, 75.1400, 33.8600, 282.6900
ATT: 4772, 2544, 28101
GPS: 573544500, 1, 0, 51.4574170, -2.7885904, 0.0000, 53.1800, 78.0900, 33.1600, 295.4800
ATT: 4062, 2509, 28200
GPS: 573544500, 1, 0, 51.4574170, -2.7885904, 0.0000, 53.7400, 78.0900, 33.1600, 295.4800
ATT: 3620, 2400, 28184
GPS: 573544500, 1, 0, 51.4574170, -2.7885904, 0.0000, 54.5500, 78.0900, 33.1600, 295.4800
ATT: 3442, 2206, 28131
GPS: 573544750, 1, 0, 51.4574620, -2.7886875, 0.0000, 55.6700, 81.8400, 33.2200, 303.5300
ATT: 3477, 1995, 28141
GPS: 573544750, 1, 0, 51.4574620, -2.7886875, 0.0000, 56.9600, 81.8400, 33.2200, 303.5300
ATT: 3601, 1786, 28213
GPS: 573545000, 1, 0, 51.4575120, -2.7887819, 0.0000, 58.4100, 85.6000, 34.0900, 306.7300
ATT: 3690, 1651, 28323
GPS: 573545000, 1, 0, 51.4575120, -2.7887819, 0.0000, 59.4500, 85.6000, 34.0900, 306.7300
ATT: 3712, 1568, 28459
GPS: 573545000, 1, 0, 51.4575120, -2.7887819, 0.0000, 60.6600, 85.6000, 34.0900, 306.7300
ATT: 3598, 1508, 28600
GPS: 573545250, 1, 0, 51.4575580, -2.7888720, 0.0000, 62.1100, 89.1900, 32.3900, 307.8600
ATT: 3429, 1447, 28725
GPS: 573545250, 1, 0, 51.4575580, -2.7888720, 0.0000, 63.6400, 89.1900, 32.3900, 307.8600
ATT: 3196, 1314, 28817
GPS: 573545500, 1, 0, 51.4576030, -2.7889636, 0.0000, 65.1600, 91.7600, 32.9000, 308.2300
ATT: 3025, 1135, 28898
GPS: 573545500, 1, 0, 51.4576030, -2.7889636, 0.0000, 66.2900, 91.7600, 32.9000, 308.2300
ATT: 2959, 930, 28965
GPS: 573545500, 1, 0, 51.4576030, -2.7889636, 0.0000, 67.4200, 91.7600, 32.9000, 308.2300
ATT: 2929, 755, 29030
GPS: 573545750, 1, 0, 51.4576530, -2.7890544, 0.0000, 68.6300, 94.1100, 32.6800, 308.5000
ATT: 2819, 594, 29099
GPS: 573545750, 1, 0, 51.4576530, -2.7890544, 0.0000, 69.8300, 94.1100, 32.6800, 308.5000
ATT: 2766, 452, 29201
GPS: 573546000, 1, 0, 51.4576950, -2.7891443, 0.0000, 71.0400, 96.1400, 32.7700, 308.6500
ATT: 2723, 306, 29321
GPS: 573546000, 1, 0, 51.4576950, -2.7891443, 0.0000, 71.8500, 96.1400, 32.7700, 308.6500
ATT: 2627, 210, 29394
GPS: 573546000, 1, 0, 51.4576950, -2.7891443, 0.0000, 72.8100, 96.1400, 32.7700, 308.6500
ATT: 2495, 116, 29476
GPS: 573546250, 1, 0, 51.4577410, -2.7892356, 0.0000, 73.7000, 97.5200, 32.2300, 309.0300
ATT: 2392, 18, 29565
GPS: 573546250, 1, 0, 51.4577410, -2.7892356, 0.0000, 74.5900, 97.5200, 32.2300, 309.0300
ATT: 2283, -90, 29664
GPS: 573546500, 1, 0, 51.4577870, -2.7893240, 0.0000, 75.3900, 98.4600, 31.9700, 309.3500
ATT: 2230, -199, 29763
GPS: 573546500, 1, 0, 51.4577870, -2.7893240, 0.0000, 75.9600, 98.4600, 31.9700, 309.3500
ATT: 2170, -294, 29833
GPS: 573546500, 1, 0, 51.4577870, -2.7893240, 0.0000, 76.5200, 98.4600, 31.9700, 309.3500
ATT: 2105, -365, 29888
GPS: 573546750, 1, 0, 51.4578290, -2.7894120, 0.0000, 77.0000, 98.8500, 31.5300, 309.6600
ATT: 2031, -421, 29946
GPS: 573546750, 1, 0, 51.4578290, -2.7894120, 0.0000, 77.4900, 98.8500, 31.5300, 309.6600
ATT: 1941, -487, 30023
GPS: 573547000, 1, 0, 51.4578740, -2.7895005, 0.0000, 77.9700, 99.0300, 31.0100, 310.1700
ATT: 1808, -567, 30098
GPS: 573547000, 1, 0, 51.4578740, -2.7895005, 0.0000, 78.2900, 99.0300, 31.0100, 310.1700
ATT: 1740, -640, 30168
GPS: 573547000, 1, 0, 51.4578740, -2.7895005, 0.0000, 78.5300, 99.0300, 31.0100, 310.1700
ATT: 1711, -699, 30225
GPS: 573547250, 1, 0, 51.4579240, -2.7895875, 0.0000, 78.7800, 98.9800, 30.5000, 310.7000
ATT: 1660, -743, 30280
GPS: 573547250, 1, 0, 51.4579240, -2.7895875, 0.0000, 78.9400, 98.9800, 30.5000, 310.7000
ATT: 1571, -769, 30351
GPS: 573547500, 1, 0, 51.4579700, -2.7896740, 0.0000, 79.1000, 98.9100, 30.1100, 310.9800
ATT: 1495, -796, 30423
GPS: 573547500, 1, 0, 51.4579700, -2.7896740, 0.0000, 79.1800, 98.9100, 30.1100, 310.9800
ATT: 1411, -813, 30479
GPS: 573547500, 1, 0, 51.4579700, -2.7896740, 0.0000, 79.1800, 98.9100, 30.1100, 310.9800
ATT: 1358, -836, 30520
GPS: 573547750, 1, 0, 51.4580080, -2.7897587, 0.0000, 79.1800, 98.5100, 29.8000, 311.1400
ATT: 1278, -872, 30561
GPS: 573547750, 1, 0, 51.4580080, -2.7897587, 0.0000, 79.1800, 98.5100, 29.8000, 311.1400
ATT: 1228, -905, 30616
GPS: 573548000, 1, 0, 51.4580540, -2.7898431, 0.0000, 79.1800, 97.9900, 29.4500, 311.2800
ATT: 1168, -935, 30679
GPS: 573548000, 1, 0, 51.4580540, -2.7898431, 0.0000, 79.1800, 97.9900, 29.4500, 311.2800
ATT: 1110, -953, 30730
GPS: 573548000, 1, 0, 51.4580540, -2.7898431, 0.0000, 79.1800, 97.9900, 29.4500, 311.2800
ATT: 1071, -966, 30750
GPS: 573548250, 1, 0, 51.4580990, -2.7899237, 0.0000, 79.1800, 97.5300, 29.1700, 311.2800
ATT: 1046, -975, 30750
GPS: 573548250, 1, 0, 51.4580990, -2.7899237, 0.0000, 79.1800, 97.5300, 29.1700, 311.2800
ATT: 1062, -976, 30775
GPS: 573548500, 1, 0, 51.4581410, -2.7900038, 0.0000, 79.1000, 97.0100, 28.6100, 311.5000
ATT: 984, -977, 30808
GPS: 573548500, 1, 0, 51.4581410, -2.7900038, 0.0000, 79.1000, 97.0100, 28.6100, 311.5000
ATT: 905, -973, 30850
GPS: 573548500, 1, 0, 51.4581410, -2.7900038, 0.0000, 78.9400, 97.0100, 28.6100, 311.5000
ATT: 835, -979, 30871
GPS: 573548750, 1, 0, 51.4581830, -2.7900820, 0.0000, 78.7800, 96.5200, 28.4800, 311.4200
ATT: 775, -989, 30870
GPS: 573548750, 1, 0, 51.4581830, -2.7900820, 0.0000, 78.7000, 96.5200, 28.4800, 311.4200
ATT: 693, -995, 30873
GPS: 573549000, 1, 0, 51.4582250, -2.7901599, 0.0000, 78.6200, 96.0200, 28.3300, 311.4100
ATT: 582, -1014, 30887
GPS: 573549000, 1, 0, 51.4582250, -2.7901599, 0.0000, 78.6200, 96.0200, 28.3300, 311.4100
ATT: 507, -1038, 30905
GPS: 573549000, 1, 0, 51.4582250, -2.7901599, 0.0000, 78.6200, 96.0200, 28.3300, 311.4100
ATT: 422, -1057, 30906
GPS: 573549250, 1, 0, 51.4582670, -2.7902377, 0.0000, 78.6200, 95.4500, 28.2800, 311.0100
ATT: 378, -1081, 30910
GPS: 573549250, 1, 0, 51.4582670, -2.7902377, 0.0000, 78.6200, 95.4500, 28.2800, 311.0100
ATT: 329, -1109, 30898
GPS: 573549500, 1, 0, 51.4583050, -2.7903152, 0.0000, 78.5300, 94.7100, 27.9200, 310.9600
ATT: 205, -1127, 30890
GPS: 573549500, 1, 0, 51.4583050, -2.7903152, 0.0000, 78.5300, 94.7100, 27.9200, 310.9600
ATT: 85, -1136, 30893
GPS: 573549500, 1, 0, 51.4583050, -2.7903152, 0.0000, 78.3700, 94.7100, 27.9200, 310.9600
ATT: 60, -1166, 30897
GPS: 573549750, 1, 0, 51.4583470, -2.7903924, 0.0000, 78.2100, 93.8900, 27.7800, 310.5500
ATT: 61, -1198, 30892
GPS: 573549750, 1, 0, 51.4583470, -2.7903924, 0.0000, 78.0500, 93.8900, 27.7800, 310.5500
ATT: 0, -1190, 30881
GPS: 573550000, 1, 0, 51.4583890, -2.7904670, 0.0000, 77.8900, 93.1100, 27.8700, 310.1400
ATT: -104, -1167, 30868
GPS: 573550000, 1, 0, 51.4583890, -2.7904670, 0.0000, 77.8100, 93.1100, 27.8700, 310.1400
ATT: -210, -1138, 30859
GPS: 573550000, 1, 0, 51.4583890, -2.7904670, 0.0000, 77.6500, 93.1100, 27.8700, 310.1400
ATT: -250, -1106, 30847
GPS: 573550250, 1, 0, 51.4584270, -2.7905416, 0.0000, 77.4900, 92.1900, 27.7300, 309.5700
ATT: -285, -1062, 30834
GPS: 573550250, 1, 0, 51.4584270, -2.7905416, 0.0000, 77.2500, 92.1900, 27.7300, 309.5700
ATT: -344, -1014, 30816
GPS: 573550500, 1, 0, 51.4584660, -2.7906184, 0.0000, 77.0000, 91.1300, 27.7800, 309.0300
ATT: -426, -983, 30790
GPS: 573550500, 1, 0, 51.4584660, -2.7906184, 0.0000, 76.7600, 91.1300, 27.7800, 309.0300
ATT: -492, -967, 30775
GPS: 573550500, 1, 0, 51.4584660, -2.7906184, 0.0000, 76.5200, 91.1300, 27.7800, 309.0300
ATT: -482, -916, 30773
GPS: 573550750, 1, 0, 51.4585040, -2.7906973, 0.0000, 76.2000, 90.1000, 27.9100, 307.9000
ATT: -508, -857, 30743
GPS: 573550750, 1, 0, 51.4585040, -2.7906973, 0.0000, 75.7900, 90.1000, 27.9100, 307.9000
ATT: -563, -817, 30699
GPS: 573551000, 1, 0, 51.4585460, -2.7907758, 0.0000, 75.3900, 89.3700, 28.2800, 307.2700
ATT: -659, -798, 30667
GPS: 573551000, 1, 0, 51.4585460, -2.7907758, 0.0000, 75.0700, 89.3700, 28.2800, 307.2700
ATT: -735, -755, 30640
GPS: 573551000, 1, 0, 51.4585460, -2.7907758, 0.0000, 74.5900, 89.3700, 28.2800, 307.2700
ATT: -774, -688, 30607
GPS: 573551250, 1, 0, 51.4585840, -2.7908556, 0.0000, 74.1000, 88.4300, 28.2300, 306.2700
ATT: -813, -631, 30568
GPS: 573551250, 1, 0, 51.4585840, -2.7908556, 0.0000, 73.6200, 88.4300, 28.2300, 306.2700
ATT: -869, -578, 30525
GPS: 573551500, 1, 0, 51.4586180, -2.7909367, 0.0000, 73.1400, 87.5400, 28.3700, 305.2200
ATT: -938, -519, 30502
GPS: 573551500, 1, 0, 51.4586180, -2.7909367, 0.0000, 72.8100, 87.5400, 28.3700, 305.2200
ATT: -949, -473, 30487
GPS: 573551500, 1, 0, 51.4586180, -2.7909367, 0.0000, 72.3300, 87.5400, 28.3700, 305.2200
ATT: -953, -447, 30450
GPS: 573551750, 1, 0, 51.4586520, -2.7910192, 0.0000, 71.9300, 86.5900, 28.5300, 303.7100
ATT: -1021, -422, 30385
GPS: 573551750, 1, 0, 51.4586520, -2.7910192, 0.0000, 71.5200, 86.5900, 28.5300, 303.7100
ATT: -1102, -382, 30311
GPS: 573552000, 1, 0, 51.4586830, -2.7911036, 0.0000, 71.1200, 85.6100, 28.8000, 302.7200
ATT: -1167, -349, 30248
GPS: 573552000, 1, 0, 51.4586830, -2.7911036, 0.0000, 70.8000, 85.6100, 28.8000, 302.7200
ATT: -1116, -295, 30221
GPS: 573552000, 1, 0, 51.4586830, -2.7911036, 0.0000, 70.4800, 85.6100, 28.8000, 302.7200
ATT: -1050, -254, 30193
GPS: 573552250, 1, 0, 51.4587170, -2.7911899, 0.0000, 70.0700, 84.8500, 28.7800, 301.2700
ATT: -1053, -234, 30139
GPS: 573552250, 1, 0, 51.4587170, -2.7911899, 0.0000, 69.6700, 84.8500, 28.7800, 301.2700
ATT: -1103, -221, 30078
GPS: 573552500, 1, 0, 51.4587440, -2.7912781, 0.0000, 69.2700, 84.1400, 28.8200, 299.7500
ATT: -1137, -196, 30016
GPS: 573552500, 1, 0, 51.4587440, -2.7912781, 0.0000, 68.9500, 84.1400, 28.8200, 299.7500
ATT: -1133, -158, 29957
GPS: 573552500, 1, 0, 51.4587440, -2.7912781, 0.0000, 68.6300, 84.1400, 28.8200, 299.7500
ATT: -1154, -119, 29902
GPS: 573552750, 1, 0, 51.4587780, -2.7913692, 0.0000, 68.2200, 83.3500, 28.6800, 298.3900
ATT: -1162, -74, 29874
GPS: 573552750, 1, 0, 51.4587780, -2.7913692, 0.0000, 67.8200, 83.3500, 28.6800, 298.3900
CMD:5,16,0,6000,514570496,-27912032, 
ATT: -1151, -30, 29841
GPS: 573553000, 1, 0, 51.4588050, -2.7914608, 0.0000, 67.5000, 82.7600, 28.9600, 296.8900
ATT: -1792, -90, 29731
GPS: 573553000, 1, 0, 51.4588050, -2.7914608, 0.0000, 67.2600, 82.7600, 28.9600, 296.8900
ATT: -4299, -350, 29508
GPS: 573553000, 1, 0, 51.4588050, -2.7914608, 0.0000, 67.0200, 82.7600, 28.9600, 296.8900
ATT: -5840, -208, 29122
GPS: 573553250, 1, 0, 51.4588320, -2.7915545, 0.0000, 66.7700, 82.3200, 29.0800, 295.4200
ATT: -6497, 135, 28607
GPS: 573553250, 1, 0, 51.4588320, -2.7915545, 0.0000, 66.5300, 82.3200, 29.0800, 295.4200
ATT: -6525, 275, 28073
GPS: 573553500, 1, 0, 51.4588580, -2.7916501, 0.0000, 66.3700, 81.7600, 28.9700, 293.8900
ATT: -6547, 230, 27575
GPS: 573553500, 1, 0, 51.4588580, -2.7916501, 0.0000, 66.2900, 81.7600, 28.9700, 293.8900
ATT: -6713, 242, 27156
GPS: 573553500, 1, 0, 51.4588580, -2.7916501, 0.0000, 66.1300, 81.7600, 28.9700, 293.8900
ATT: -6762, 364, 26813
GPS: 573553750, 1, 0, 51.4588810, -2.7917466, 0.0000, 65.9700, 81.5700, 29.3000, 293.7800
ATT: -6683, 537, 26437
GPS: 573553750, 1, 0, 51.4588810, -2.7917466, 0.0000, 65.8100, 81.5700, 29.3000, 293.7800
ATT: -6642, 604, 26132
GPS: 573554000, 1, 0, 51.4589000, -2.7918432, 0.0000, 65.7300, 80.8700, 25.8900, 287.2600
ATT: -6722, 586, 25904
GPS: 573554000, 1, 0, 51.4589000, -2.7918432, 0.0000, 65.6500, 80.8700, 25.8900, 287.2600
ATT: -6832, 622, 25692
GPS: 573554000, 1, 0, 51.4589000, -2.7918432, 0.0000, 65.4900, 80.8700, 25.8900, 287.2600
ATT: -6868, 681, 25443
GPS: 573554250, 1, 0, 51.4588890, -2.7919321, 0.0000, 65.3200, 80.1500, 24.1900, 271.0000
ATT: -6843, 703, 25146
GPS: 573554250, 1, 0, 51.4588890, -2.7919321, 0.0000, 65.1600, 80.1500, 24.1900, 271.0000
ATT: -6832, 708, 24817
GPS: 573554500, 1, 0, 51.4588660, -2.7920101, 0.0000, 65.0000, 79.5000, 23.1000, 256.0100
ATT: -6805, 715, 24465
GPS: 573554500, 1, 0, 51.4588660, -2.7920101, 0.0000, 64.9200, 79.5000, 23.1000, 256.0100
ATT: -6818, 746, 24157
GPS: 573554500, 1, 0, 51.4588660, -2.7920101, 0.0000, 64.7600, 79.5000, 23.1000, 256.0100
ATT: -6824, 798, 23833
GPS: 573554750, 1, 0, 51.4588360, -2.7920773, 0.0000, 64.6000, 79.1100, 22.6000, 243.8500
ATT: -6822, 861, 23482
GPS: 573554750, 1, 0, 51.4588360, -2.7920773, 0.0000, 64.4400, 79.1100, 22.6000, 243.8500
ATT: -6820, 898, 23112
GPS: 573555000, 1, 0, 51.4587940, -2.7921281, 0.0000, 64.2800, 79.0300, 23.0800, 228.7200
ATT: -6678, 886, 22684
GPS: 573555000, 1, 0, 51.4587940, -2.7921281, 0.0000, 64.2000, 79.0300, 23.0800, 228.7200
ATT: -6611, 779, 22277
GPS: 573555000, 1, 0, 51.4587940, -2.7921281, 0.0000, 64.1200, 79.0300, 23.0800, 228.7200
ATT: -6786, 670, 21851
GPS: 573555250, 1, 0, 51.4587440, -2.7921607, 0.0000, 64.1200, 79.1500, 23.3500, 214.3000
ATT: -6837, 727, 21433
GPS: 573555250, 1, 0, 51.4587440, -2.7921607, 0.0000, 64.0400, 79.1500, 23.3500, 214.3000
ATT: -6896, 882, 20952
GPS: 573555500, 1, 0, 51.4586910, -2.7921734, 0.0000, 63.9600, 79.1000, 24.5700, 196.9900
ATT: -6802, 945, 20489
GPS: 573555500, 1, 0, 51.4586910, -2.7921734, 0.0000, 63.9600, 79.1000, 24.5700, 196.9900
ATT: -6799, 925, 20059
GPS: 573555500, 1, 0, 51.4586910, -2.7921734, 0.0000, 63.8800, 79.1000, 24.5700, 196.9900
ATT: -6735, 969, 19568
GPS: 573555750, 1, 0, 51.4586330, -2.7921677, 0.0000, 63.8800, 79.1700, 24.9100, 182.9300
ATT: -6500, 1053, 19048
GPS: 573555750, 1, 0, 51.4586330, -2.7921677, 0.0000, 63.8800, 79.1700, 24.9100, 182.9300
ATT: -6114, 1168, 18534
GPS: 573556000, 1, 0, 51.4585760, -2.7921405, 0.0000, 63.8800, 79.5000, 25.8100, 168.5700
ATT: -5574, 1245, 18113
GPS: 573556000, 1, 0, 51.4585760, -2.7921405, 0.0000, 63.8800, 79.5000, 25.8100, 168.5700
ATT: -5053, 1269, 17833
GPS: 573556000, 1, 0, 51.4585760, -2.7921405, 0.0000, 63.9600, 79.5000, 25.8100, 168.5700
ATT: -4538, 1248, 17640
GPS: 573556250, 1, 0, 51.4585230, -2.7920952, 0.0000, 64.0400, 80.3100, 26.3100, 157.8700
ATT: -3975, 1201, 17451
GPS: 573556250, 1, 0, 51.4585230, -2.7920952, 0.0000, 64.2000, 80.3100, 26.3100, 157.8700
ATT: -3358, 1145, 17276
GPS: 573556500, 1, 0, 51.4584690, -2.7920339, 0.0000, 64.3600, 81.2000, 27.7300, 146.6600
ATT: -2864, 1043, 17075
GPS: 573556500, 1, 0, 51.4584690, -2.7920339, 0.0000, 64.5200, 81.2000, 27.7300, 146.6600
ATT: -2476, 900, 16914
GPS: 573556500, 1, 0, 51.4584690, -2.7920339, 0.0000, 64.6800, 81.2000, 27.7300, 146.6600
ATT: -2246, 749, 16745
GPS: 573556750, 1, 0, 51.4584270, -2.7919607, 0.0000, 64.9200, 82.2100, 27.8100, 139.1100
ATT: -2013, 632, 16561
GPS: 573556750, 1, 0, 51.4584270, -2.7919607, 0.0000, 65.1600, 82.2100, 27.8100, 139.1100
ATT: -1781, 532, 16357
GPS: 573557000, 1, 0, 51.4583780, -2.7918866, 0.0000, 65.4100, 83.0600, 27.9200, 135.1500
ATT: -1450, 429, 16146
GPS: 573557000, 1, 0, 51.4583780, -2.7918866, 0.0000, 65.5700, 83.0600, 27.9200, 135.1500
ATT: -1077, 327, 15973
GPS: 573557000, 1, 0, 51.4583780, -2.7918866, 0.0000, 65.8100, 83.0600, 27.9200, 135.1500
ATT: -720, 211, 15839
GPS: 573557250, 1, 0, 51.4583320, -2.7918108, 0.0000, 66.0500, 83.8000, 27.5800, 134.3200
ATT: -385, 76, 15701
GPS: 573557250, 1, 0, 51.4583320, -2.7918108, 0.0000, 66.2900, 83.8000, 27.5800, 134.3200
ATT: -66, -63, 15551
GPS: 573557500, 1, 0, 51.4582860, -2.7917354, 0.0000, 66.5300, 84.2000, 27.8400, 133.7800
ATT: 212, -177, 15390
GPS: 573557500, 1, 0, 51.4582860, -2.7917354, 0.0000, 66.6900, 84.2000, 27.8400, 133.7800
ATT: 550, -297, 15271
GPS: 573557500, 1, 0, 51.4582860, -2.7917354, 0.0000, 66.8500, 84.2000, 27.8400, 133.7800
ATT: 728, -261, 15167
GPS: 573557750, 1, 0, 51.4582410, -2.7916608, 0.0000, 66.9300, 84.3200, 27.6000, 133.7000
ATT: 910, -196, 15099
GPS: 573557750, 1, 0, 51.4582410, -2.7916608, 0.0000, 66.9300, 84.3200, 27.6000, 133.7000
ATT: 1131, -99, 15056
GPS: 573558000, 1, 0, 51.4581910, -2.7915876, 0.0000, 66.9300, 84.0500, 27.7100, 133.9800
ATT: 1340, 3, 15003
GPS: 573558000, 1, 0, 51.4581910, -2.7915876, 0.0000, 66.9300, 84.0500, 27.7100, 133.9800
ATT: 1519, 52, 14951
GPS: 573558000, 1, 0, 51.4581910, -2.7915876, 0.0000, 66.7700, 84.0500, 27.7100, 133.9800
ATT: 1730, 89, 14942
GPS: 573558250, 1, 0, 51.4581490, -2.7915158, 0.0000, 66.6100, 83.8600, 27.5800, 135.2500
ATT: 1944, 172, 14923
GPS: 573558250, 1, 0, 51.4581490, -2.7915158, 0.0000, 66.4500, 83.8600, 27.5800, 135.2500
ATT: 2135, 212, 14926
GPS: 573558500, 1, 0, 51.4580990, -2.7914493, 0.0000, 66.2100, 83.6700, 27.3800, 137.1900
ATT: 2339, 288, 14979
GPS: 573558500, 1, 0, 51.4580990, -2.7914493, 0.0000, 66.0500, 83.6700, 27.3800, 137.1900
ATT: 2525, 340, 15015
GPS: 573558500, 1, 0, 51.4580990, -2.7914493, 0.0000, 65.8900, 83.6700, 27.3800, 137.1900
ATT: 2613, 429, 15064
GPS: 573558750, 1, 0, 51.4580500, -2.7913880, 0.0000, 65.7300, 83.6400, 27.0700, 140.1200
ATT: 2737, 472, 15148
GPS: 573558750, 1, 0, 51.4580500, -2.7913880, 0.0000, 65.5700, 83.6400, 27.0700, 140.1200
ATT: 2796, 536, 15196
GPS: 573559000, 1, 0, 51.4580040, -2.7913342, 0.0000, 65.4900, 83.7700, 26.5300, 143.4500
ATT: 2818, 576, 15278
GPS: 573559000, 1, 0, 51.4580040, -2.7913342, 0.0000, 65.4900, 83.7700, 26.5300, 143.4500
ATT: 2868, 599, 15389
GPS: 573559000, 1, 0, 51.4580040, -2.7913342, 0.0000, 65.4900, 83.7700, 26.5300, 143.4500
ATT: 2879, 644, 15470
GPS: 573559250, 1, 0, 51.4579510, -2.7912884, 0.0000, 65.4900, 84.0500, 26.0000, 147.7100
ATT: 2855, 690, 15517
GPS: 573559250, 1, 0, 51.4579510, -2.7912884, 0.0000, 65.5700, 84.0500, 26.0000, 147.7100
ATT: 2815, 724, 15567
GPS: 573559500, 1, 0, 51.4579010, -2.7912495, 0.0000, 65.6500, 84.4900, 25.4900, 151.8000
ATT: 2844, 685, 15660
GPS: 573559500, 1, 0, 51.4579010, -2.7912495, 0.0000, 65.7300, 84.4900, 25.4900, 151.8000
ATT: 2886, 641, 15743
GPS: 573559500, 1, 0, 51.4579010, -2.7912495, 0.0000, 65.8100, 84.4900, 25.4900, 151.8000
ATT: 2959, 620, 15830
GPS: 573559750, 1, 0, 51.4578480, -2.7912178, 0.0000, 65.9700, 84.8300, 25.1900, 155.6500
ATT: 2947, 623, 15933
GPS: 573559750, 1, 0, 51.4578480, -2.7912178, 0.0000, 66.1300, 84.8300, 25.1900, 155.6500
ATT: 2947, 653, 16044
GPS: 573560000, 1, 0, 51.4577940, -2.7911916, 0.0000, 66.3700, 85.2300, 24.8000, 159.5500
ATT: 2920, 638, 16142
GPS: 573560000, 1, 0, 51.4577940, -2.7911916, 0.0000, 66.5300, 85.2300, 24.8000, 159.5500
ATT: 2877, 657, 16244
GPS: 573560000, 1, 0, 51.4577940, -2.7911916, 0.0000, 66.6100, 85.2300, 24.8000, 159.5500
ATT: 2750, 643, 16326
GPS: 573560250, 1, 0, 51.4577410, -2.7911708, 0.0000, 66.6900, 85.6900, 24.5100, 163.2600
ATT: 2707, 619, 16402
GPS: 573560250, 1, 0, 51.4577410, -2.7911708, 0.0000, 66.8500, 85.6900, 24.5100, 163.2600
ATT: 2679, 603, 16489
GPS: 573560500, 1, 0, 51.4576910, -2.7911563, 0.0000, 67.0200, 85.9500, 24.2900, 167.2700
ATT: 2693, 538, 16616
GPS: 573560500, 1, 0, 51.4576910, -2.7911563, 0.0000, 67.1000, 85.9500, 24.2900, 167.2700
ATT: 2605, 479, 16714
GPS: 573560500, 1, 0, 51.4576910, -2.7911563, 0.0000, 67.1800, 85.9500, 24.2900, 167.2700
ATT: 2501, 499, 16798
GPS: 573560750, 1, 0, 51.4576380, -2.7911477, 0.0000, 67.3400, 86.1300, 23.9800, 170.3700
ATT: 2384, 500, 16914
GPS: 573560750, 1, 0, 51.4576380, -2.7911477, 0.0000, 67.4200, 86.1300, 23.9800, 170.3700
PM:20018,1001,20,8,86,0,0,80,50,0, 
ATT: 2318, 469, 17036
GPS: 573561000, 1, 0, 51.4575840, -2.7911427, 0.0000, 67.5000, 86.2800, 23.8100, 173.8000
ATT: 2208, 416, 17116
GPS: 573561000, 1, 0, 51.4575840, -2.7911427, 0.0000, 67.5800, 86.2800, 23.8100, 173.8000
ATT: 2066, 374, 17195
GPS: 573561000, 1, 0, 51.4575840, -2.7911427, 0.0000, 67.5800, 86.2800, 23.8100, 173.8000
ATT: 1985, 304, 17305
GPS: 573561250, 1, 0, 51.4575310, -2.7911417, 0.0000, 67.6600, 86.2100, 23.5700, 176.7800
ATT: 1976, 256, 17437
GPS: 573561250, 1, 0, 51.4575310, -2.7911417, 0.0000, 67.6600, 86.2100, 23.5700, 176.7800
ATT: 1906, 229, 17540
GPS: 573561500, 1, 0, 51.4574810, -2.7911439, 0.0000, 67.6600, 86.2200, 23.4600, 179.3200
ATT: 1786, 234, 17619
GPS: 573561500, 1, 0, 51.4574810, -2.7911439, 0.0000, 67.6600, 86.2200, 23.4600, 179.3200
ATT: 1629, 206, 17695
GPS: 573561500, 1, 0, 51.4574810, -2.7911439, 0.0000, 67.5800, 86.2200, 23.4600, 179.3200
ATT: 1472, 161, 17804
GPS: 573561750, 1, 0, 51.4574280, -2.7911501, 0.0000, 67.5000, 85.8000, 23.3000, 182.0800
ATT: 1388, 140, 17916
GPS: 573561750, 1, 0, 51.4574280, -2.7911501, 0.0000, 67.3400, 85.8000, 23.3000, 182.0800
ATT: 1247, 91, 17991
GPS: 573562000, 1, 0, 51.4573750, -2.7911601, 0.0000, 67.1800, 85.2900, 23.1800, 184.5700
ATT: 1123, 64, 18077
GPS: 573562000, 1, 0, 51.4573750, -2.7911601, 0.0000, 67.1000, 85.2900, 23.1800, 184.5700
ATT: 1010, 33, 18150
GPS: 573562000, 1, 0, 51.4573750, -2.7911601, 0.0000, 66.9300, 85.2900, 23.1800, 184.5700
CMD:6,16,0,6000,514593152,-27893686, 
ATT: 859, 12, 18206
GPS: 573562250, 1, 0, 51.4573250, -2.7911730, 0.0000, 66.7700, 84.7500, 23.2200, 186.6600
ATT: -134, -73, 18205
GPS: 573562250, 1, 0, 51.4573250, -2.7911730, 0.0000, 66.6100, 84.7500, 23.2200, 186.6600
ATT: -3639, -420, 18041
GPS: 573562500, 1, 0, 51.4572750, -2.7911866, 0.0000, 66.3700, 84.2200, 23.1200, 188.6900
ATT: -5887, -362, 17794
GPS: 573562500, 1, 0, 51.4572750, -2.7911866, 0.0000, 66.2100, 84.2200, 23.1200, 188.6900
ATT: -6637, 103, 17296
GPS: 573562500, 1, 0, 51.4572750, -2.7911866, 0.0000, 65.9700, 84.2200, 23.1200, 188.6900
ATT: -6470, 349, 16747
GPS: 573562750, 1, 0, 51.4572260, -2.7912023, 0.0000, 65.8100, 83.5400, 23.2200, 190.0600
ATT: -6396, 271, 16318
GPS: 573562750, 1, 0, 51.4572260, -2.7912023, 0.0000, 65.6500, 83.5400, 23.2200, 190.0600
ATT: -6660, 274, 15971
GPS: 573563000, 1, 0, 51.4571760, -2.7912097, 0.0000, 65.5700, 82.4500, 23.7600, 185.2200
ATT: -6805, 419, 15662
GPS: 573563000, 1, 0, 51.4571760, -2.7912097, 0.0000, 65.4900, 82.4500, 23.7600, 185.2200
ATT: -6688, 582, 15359
GPS: 573563000, 1, 0, 51.4571760, -2.7912097, 0.0000, 65.4100, 82.4500, 23.7600, 185.2200
ATT: -6595, 614, 15113
GPS: 573563250, 1, 0, 51.4571230, -2.7912042, 0.0000, 65.3200, 81.2400, 22.9500, 179.9100
ATT: -6657, 595, 14904
GPS: 573563250, 1, 0, 51.4571230, -2.7912042, 0.0000, 65.2400, 81.2400, 22.9500, 179.9100
ATT: -6770, 644, 14678
GPS: 573563500, 1, 0, 51.4570690, -2.7911692, 0.0000, 65.1600, 81.6100, 27.1700, 164.4500
ATT: -6788, 714, 14411
GPS: 573563500, 1, 0, 51.4570690, -2.7911692, 0.0000, 65.0800, 81.6100, 27.1700, 164.4500
ATT: -6834, 744, 14160
GPS: 573563500, 1, 0, 51.4570690, -2.7911692, 0.0000, 64.9200, 81.6100, 27.1700, 164.4500
ATT: -6886, 734, 13856
GPS: 573563750, 1, 0, 51.4570160, -2.7911043, 0.0000, 64.8400, 82.6100, 27.8200, 149.1900
ATT: -6958, 736, 13518
GPS: 573563750, 1, 0, 51.4570160, -2.7911043, 0.0000, 64.7600, 82.6100, 27.8200, 149.1900
ATT: -6986, 764, 13171
GPS: 573564000, 1, 0, 51.4569780, -2.7910211, 0.0000, 64.7600, 83.5500, 28.6200, 135.8400
ATT: -6975, 812, 12793
GPS: 573564000, 1, 0, 51.4569780, -2.7910211, 0.0000, 64.7600, 83.5500, 28.6200, 135.8400
ATT: -6934, 855, 12434
GPS: 573564000, 1, 0, 51.4569780, -2.7910211, 0.0000, 64.9200, 83.5500, 28.6200, 135.8400
ATT: -6959, 879, 12052
GPS: 573564250, 1, 0, 51.4569470, -2.7909229, 0.0000, 65.0800, 84.4300, 29.7800, 121.4700
ATT: -7003, 863, 11642
GPS: 573564250, 1, 0, 51.4569470, -2.7909229, 0.0000, 65.4100, 84.4300, 29.7800, 121.4700
ATT: -7052, 830, 11252
GPS: 573564500, 1, 0, 51.4569280, -2.7908108, 0.0000, 65.8100, 85.7500, 30.9700, 109.7100
ATT: -7089, 855, 10810
GPS: 573564500, 1, 0, 51.4569280, -2.7908108, 0.0000, 66.0500, 85.7500, 30.9700, 109.7100
ATT: -7080, 888, 10416
GPS: 573564500, 1, 0, 51.4569280, -2.7908108, 0.0000, 66.4500, 85.7500, 30.9700, 109.7100
ATT: -7052, 921, 10003
GPS: 573564750, 1, 0, 51.4569210, -2.7906933, 0.0000, 66.8500, 86.9900, 31.9200, 99.5200
ATT: -7085, 874, 9613
GPS: 573564750, 1, 0, 51.4569210, -2.7906933, 0.0000, 67.3400, 86.9900, 31.9200, 99.5200
ATT: -7082, 844, 9203
GPS: 573565000, 1, 0, 51.4569240, -2.7905722, 0.0000, 67.9000, 88.3600, 32.6700, 90.1300
ATT: -7108, 817, 8790
GPS: 573565000, 1, 0, 51.4569240, -2.7905722, 0.0000, 68.3000, 88.3600, 32.6700, 90.1300
ATT: -7172, 804, 8424
GPS: 573565000, 1, 0, 51.4569240, -2.7905722, 0.0000, 68.7900, 88.3600, 32.6700, 90.1300
ATT: -7166, 787, 8063
GPS: 573565250, 1, 0, 51.4569400, -2.7904515, 0.0000, 69.2700, 89.6500, 33.3500, 81.4900
ATT: -7128, 742, 7666
GPS: 573565250, 1, 0, 51.4569400, -2.7904515, 0.0000, 69.8300, 89.6500, 33.3500, 81.4900
ATT: -7125, 685, 7283
GPS: 573565500, 1, 0, 51.4569700, -2.7903323, 0.0000, 70.4000, 90.8300, 34.6500, 71.6600
ATT: -7149, 639, 6890
GPS: 573565500, 1, 0, 51.4569700, -2.7903323, 0.0000, 70.8000, 90.8300, 34.6500, 71.6600
ATT: -7149, 600, 6535
GPS: 573565500, 1, 0, 51.4569700, -2.7903323, 0.0000, 71.2000, 90.8300, 34.6500, 71.6600
ATT: -7110, 574, 6178
GPS: 573565750, 1, 0, 51.4570080, -2.7902193, 0.0000, 71.6900, 92.1500, 34.1500, 63.8900
ATT: -7050, 548, 5814
GPS: 573565750, 1, 0, 51.4570080, -2.7902193, 0.0000, 72.1700, 92.1500, 34.1500, 63.8900
ATT: -6889, 535, 5428
GPS: 573566000, 1, 0, 51.4570540, -2.7901168, 0.0000, 72.8100, 93.3500, 34.2200, 55.8300
ATT: -6691, 530, 5037
GPS: 573566000, 1, 0, 51.4570540, -2.7901168, 0.0000, 73.2200, 93.3500, 34.2200, 55.8300
ATT: -6443, 541, 4717
GPS: 573566000, 1, 0, 51.4570540, -2.7901168, 0.0000, 73.7000, 93.3500, 34.2200, 55.8300
ATT: -6117, 567, 4465
GPS: 573566250, 1, 0, 51.4571110, -2.7900257, 0.0000, 74.1800, 94.6000, 34.2200, 47.5900
ATT: -5770, 549, 4262
GPS: 573566250, 1, 0, 51.4571110, -2.7900257, 0.0000, 74.7500, 94.6000, 34.2200, 47.5900
ATT: -5411, 484, 4106
GPS: 573566500, 1, 0, 51.4571760, -2.7899513, 0.0000, 75.3100, 95.8900, 34.0400, 38.9000
ATT: -5090, 432, 3947
GPS: 573566500, 1, 0, 51.4571760, -2.7899513, 0.0000, 75.7100, 95.8900, 34.0400, 38.9000
ATT: -4815, 400, 3805
GPS: 573566500, 1, 0, 51.4571760, -2.7899513, 0.0000, 76.0400, 95.8900, 34.0400, 38.9000
ATT: -4538, 347, 3666
GPS: 573566750, 1, 0, 51.4572410, -2.7898891, 0.0000, 76.4400, 96.9700, 34.3200, 31.6500
ATT: -4331, 270, 3519
GPS: 573566750, 1, 0, 51.4572410, -2.7898891, 0.0000, 76.9200, 96.9700, 34.3200, 31.6500
ATT: -4212, 184, 3385
GPS: 573567000, 1, 0, 51.4573140, -2.7898359, 0.0000, 77.4100, 97.8500, 34.4100, 27.1400
ATT: -4088, 88, 3250
GPS: 573567000, 1, 0, 51.4573140, -2.7898359, 0.0000, 77.7300, 97.8500, 34.4100, 27.1400
ATT: -4030, -3, 3112
GPS: 573567000, 1, 0, 51.4573140, -2.7898359, 0.0000, 78.2100, 97.8500, 34.4100, 27.1400
ATT: -3936, -61, 2973
GPS: 573567250, 1, 0, 51.4573780, -2.7897899, 0.0000, 78.7000, 99.0600, 32.3900, 24.0600
ATT: -3814, -96, 2841
GPS: 573567250, 1, 0, 51.4573780, -2.7897899, 0.0000, 79.1800, 99.0600, 32.3900, 24.0600
ATT: -3680, -137, 2721
GPS: 573567500, 1, 0, 51.4574510, -2.7897491, 0.0000, 79.7400, 99.9000, 32.4600, 22.0500
ATT: -3548, -203, 2602
GPS: 573567500, 1, 0, 51.4574510, -2.7897491, 0.0000, 80.1500, 99.9000, 32.4600, 22.0500
ATT: -3426, -293, 2490
GPS: 573567500, 1, 0, 51.4574510, -2.7897491, 0.0000, 80.4700, 99.9000, 32.4600, 22.0500
ATT: -3344, -393, 2380
GPS: 573567750, 1, 0, 51.4575160, -2.7897129, 0.0000, 80.7900, 100.5300, 31.7700, 20.0600
ATT: -3278, -464, 2278
GPS: 573567750, 1, 0, 51.4575160, -2.7897129, 0.0000, 81.2000, 100.5300, 31.7700, 20.0600
ATT: -3202, -504, 2172
GPS: 573568000, 1, 0, 51.4575840, -2.7896793, 0.0000, 81.6000, 101.0100, 31.6700, 18.2700
ATT: -3117, -536, 2071
GPS: 573568000, 1, 0, 51.4575840, -2.7896793, 0.0000, 81.9200, 101.0100, 31.6700, 18.2700
ATT: -3019, -572, 1981
GPS: 573568000, 1, 0, 51.4575840, -2.7896793, 0.0000, 82.2400, 101.0100, 31.6700, 18.2700
ATT: -2903, -623, 1895
GPS: 573568250, 1, 0, 51.4576490, -2.7896488, 0.0000, 82.4900, 101.3600, 31.0600, 16.7900
ATT: -2811, -691, 1805
GPS: 573568250, 1, 0, 51.4576490, -2.7896488, 0.0000, 82.8100, 101.3600, 31.0600, 16.7900
ATT: -2728, -763, 1724
GPS: 573568500, 1, 0, 51.4577140, -2.7896233, 0.0000, 83.0500, 101.4500, 30.7500, 15.3600
ATT: -2744, -812, 1652
GPS: 573568500, 1, 0, 51.4577140, -2.7896233, 0.0000, 83.2100, 101.4500, 30.7500, 15.3600
ATT: -2686, -844, 1573
GPS: 573568500, 1, 0, 51.4577140, -2.7896233, 0.0000, 83.3700, 101.4500, 30.7500, 15.3600
ATT: -2628, -865, 1490
GPS: 573568750, 1, 0, 51.4577830, -2.7896008, 0.0000, 83.5300, 101.4400, 30.4000, 13.7300
ATT: -2551, -900, 1397
GPS: 573568750, 1, 0, 51.4577830, -2.7896008, 0.0000, 83.7000, 101.4400, 30.4000, 13.7300
ATT: -2469, -928, 1317
GPS: 573569000, 1, 0, 51.4578480, -2.7895796, 0.0000, 83.8600, 101.1400, 30.0800, 12.4900
ATT: -2360, -946, 1257
GPS: 573569000, 1, 0, 51.4578480, -2.7895796, 0.0000, 83.9400, 101.1400, 30.0800, 12.4900
ATT: -2217, -972, 1210
GPS: 573569000, 1, 0, 51.4578480, -2.7895796, 0.0000, 84.0200, 101.1400, 30.0800, 12.4900
ATT: -2123, -1033, 1158
GPS: 573569250, 1, 0, 51.4579090, -2.7895608, 0.0000, 84.1000, 100.5900, 29.7400, 11.0300
ATT: -2034, -1084, 1101
GPS: 573569250, 1, 0, 51.4579090, -2.7895608, 0.0000, 84.1800, 100.5900, 29.7400, 11.0300
ATT: -2048, -1113, 1040
GPS: 573569500, 1, 0, 51.4579730, -2.7895436, 0.0000, 84.1800, 100.0100, 29.6800, 9.9200
ATT: -2056, -1127, 995
GPS: 573569500, 1, 0, 51.4579730, -2.7895436, 0.0000, 84.1800, 100.0100, 29.6800, 9.9200
ATT: -2075, -1129, 952
GPS: 573569500, 1, 0, 51.4579730, -2.7895436, 0.0000, 84.1800, 100.0100, 29.6800, 9.9200
ATT: -1984, -1113, 906
GPS: 573569750, 1, 0, 51.4580380, -2.7895257, 0.0000, 84.1800, 99.3300, 29.4500, 9.1600
ATT: -1924, -1104, 856
GPS: 573569750, 1, 0, 51.4580380, -2.7895257, 0.0000, 84.1800, 99.3300, 29.4500, 9.1600
ATT: -1900, -1124, 814
GPS: 573570000, 1, 0, 51.4581030, -2.7895105, 0.0000, 84.1000, 98.7400, 29.2600, 7.6800
ATT: -1870, -1146, 770
GPS: 573570000, 1, 0, 51.4581030, -2.7895105, 0.0000, 84.1000, 98.7400, 29.2600, 7.6800
ATT: -1845, -1165, 733
GPS: 573570000, 1, 0, 51.4581030, -2.7895105, 0.0000, 83.9400, 98.7400, 29.2600, 7.6800
ATT: -1718, -1170, 688
GPS: 573570250, 1, 0, 51.4581640, -2.7894983, 0.0000, 83.7000, 97.8300, 29.3400, 6.5900
ATT: -1699, -1187, 629
GPS: 573570250, 1, 0, 51.4581640, -2.7894983, 0.0000, 83.5300, 97.8300, 29.3400, 6.5900
ATT: -1710, -1204, 566
GPS: 573570500, 1, 0, 51.4582290, -2.7894871, 0.0000, 83.2900, 97.0300, 29.1200, 5.5900
ATT: -1738, -1190, 524
GPS: 573570500, 1, 0, 51.4582290, -2.7894871, 0.0000, 83.1300, 97.0300, 29.1200, 5.5900
ATT: -1662, -1158, 494
GPS: 573570500, 1, 0, 51.4582290, -2.7894871, 0.0000, 82.8900, 97.0300, 29.1200, 5.5900
ATT: -1617, -1125, 462
GPS: 573570750, 1, 0, 51.4582860, -2.7894773, 0.0000, 82.6500, 96.0400, 28.9700, 5.0200
ATT: -1549, -1114, 426
GPS: 573570750, 1, 0, 51.4582860, -2.7894773, 0.0000, 82.3200, 96.0400, 28.9700, 5.0200
ATT: -1524, -1124, 381
GPS: 573571000, 1, 0, 51.4583510, -2.7894692, 0.0000, 82.0000, 95.1600, 29.1600, 3.8300
ATT: -1523, -1125, 329
GPS: 573571000, 1, 0, 51.4583510, -2.7894692, 0.0000, 81.7600, 95.1600, 29.1600, 3.8300
ATT: -1474, -1098, 281
GPS: 573571000, 1, 0, 51.4583510, -2.7894692, 0.0000, 81.5200, 95.1600, 29.1600, 3.8300
ATT: -1438, -1067, 232
GPS: 573571250, 1, 0, 51.4584160, -2.7894635, 0.0000, 81.2800, 94.0800, 29.2400, 2.7300
ATT: -1428, -1032, 205
GPS: 573571250, 1, 0, 51.4584160, -2.7894635, 0.0000, 80.9500, 94.0800, 29.2400, 2.7300
ATT: -1382, -1007, 207
GPS: 573571500, 1, 0, 51.4584810, -2.7894597, 0.0000, 80.6300, 93.0600, 29.4800, 1.9400
ATT: -1326, -990, 207
GPS: 573571500, 1, 0, 51.4584810, -2.7894597, 0.0000, 80.3900, 93.0600, 29.4800, 1.9400
ATT: -1259, -982, 180
GPS: 573571500, 1, 0, 51.4584810, -2.7894597, 0.0000, 79.9900, 93.0600, 29.4800, 1.9400
ATT: -1243, -990, 148
GPS: 573571750, 1, 0, 51.4585460, -2.7894564, 0.0000, 79.5800, 91.9700, 29.6700, 0.9600
ATT: -1238, -978, 109
GPS: 573571750, 1, 0, 51.4585460, -2.7894564, 0.0000, 79.1000, 91.9700, 29.6700, 0.9600
ATT: -1244, -955, 64
GPS: 573572000, 1, 0, 51.4586070, -2.7894545, 0.0000, 78.6200, 90.9600, 30.1300, 0.1900
ATT: -1274, -914, 36
GPS: 573572000, 1, 0, 51.4586070, -2.7894545, 0.0000, 78.2900, 90.9600, 30.1300, 0.1900
ATT: -1223, -861, 24
GPS: 573572000, 1, 0, 51.4586070, -2.7894545, 0.0000, 77.8900, 90.9600, 30.1300, 0.1900
ATT: -1138, -808, 17
GPS: 573572250, 1, 0, 51.4586750, -2.7894547, 0.0000, 77.4900, 89.9100, 30.4600, 359.5000
ATT: -1086, -776, 35996
GPS: 573572250, 1, 0, 51.4586750, -2.7894547, 0.0000, 77.0000, 89.9100, 30.4600, 359.5000
ATT: -1079, -759, 35957
GPS: 573572500, 1, 0, 51.4587440, -2.7894564, 0.0000, 76.5200, 88.8500, 30.7800, 358.6600
ATT: -1045, -733, 35917
GPS: 573572500, 1, 0, 51.4587440, -2.7894564, 0.0000, 76.2000, 88.8500, 30.7800, 358.6600
ATT: -873, -713, 35898
GPS: 573572500, 1, 0, 51.4587440, -2.7894564, 0.0000, 75.7900, 88.8500, 30.7800, 358.6600
ATT: -741, -710, 35892
GPS: 573572750, 1, 0, 51.4588130, -2.7894604, 0.0000, 75.3900, 87.7000, 31.3700, 358.0700
ATT: -604, -715, 35877
GPS: 573572750, 1, 0, 51.4588130, -2.7894604, 0.0000, 75.0700, 87.7000, 31.3700, 358.0700
ATT: -458, -720, 35870
GPS: 573573000, 1, 0, 51.4588810, -2.7894645, 0.0000, 74.5900, 86.8000, 32.0000, 357.4000
ATT: -332, -724, 35866
GPS: 573573000, 1, 0, 51.4588810, -2.7894645, 0.0000, 74.2600, 86.8000, 32.0000, 357.4000
ATT: -157, -721, 35883
GPS: 573573000, 1, 0, 51.4588810, -2.7894645, 0.0000, 73.7800, 86.8000, 32.0000, 357.4000
ATT: -18, -734, 35897
GPS: 573573250, 1, 0, 51.4589540, -2.7894704, 0.0000, 73.3000, 85.6300, 32.4100, 356.9700
ATT: 125, -745, 35903
GPS: 573573250, 1, 0, 51.4589540, -2.7894704, 0.0000, 72.7300, 85.6300, 32.4100, 356.9700
ATT: 286, -733, 35899
GPS: 573573500, 1, 0, 51.4590260, -2.7894771, 0.0000, 72.0900, 84.3800, 33.1600, 356.8600
ATT: 499, -706, 35907
GPS: 573573500, 1, 0, 51.4590260, -2.7894771, 0.0000, 71.6000, 84.3800, 33.1600, 356.8600
ATT: 769, -666, 35923
GPS: 573573500, 1, 0, 51.4590260, -2.7894771, 0.0000, 71.0400, 84.3800, 33.1600, 356.8600
CMD:7,16,0,6000,514598784,-27890146, 
ATT: 890, -594, 35958
GPS: 573573750, 1, 0, 51.4591030, -2.7894831, 0.0000, 70.4000, 83.0200, 33.4100, 356.9900
ATT: 1072, -500, 32
GPS: 573573750, 1, 0, 51.4591030, -2.7894831, 0.0000, 69.6700, 83.0200, 33.4100, 356.9900
ATT: 1395, -448, 92
GPS: 573574000, 1, 0, 51.4591750, -2.7894869, 0.0000, 68.8700, 81.5800, 34.0200, 357.7400
ATT: 1651, -382, 142
GPS: 573574000, 1, 0, 51.4591750, -2.7894869, 0.0000, 68.3000, 81.5800, 34.0200, 357.7400
ATT: 1805, -279, 187
GPS: 573574000, 1, 0, 51.4591750, -2.7894869, 0.0000, 67.6600, 81.5800, 34.0200, 357.7400
ATT: 1896, -150, 272
GPS: 573574250, 1, 0, 51.4592510, -2.7894881, 0.0000, 66.9300, 80.5400, 34.7300, 358.3600
ATT: 2005, -30, 397
GPS: 573574250, 1, 0, 51.4592510, -2.7894881, 0.0000, 66.2100, 80.5400, 34.7300, 358.3600
ATT: 1872, 63, 515
GPS: 573574500, 1, 0, 51.4593280, -2.7894869, 0.0000, 65.4900, 79.5400, 35.4000, 0.0600
ATT: 2106, 102, 583
GPS: 573574500, 1, 0, 51.4593280, -2.7894869, 0.0000, 65.0000, 79.5400, 35.4000, 0.0600
ATT: 2359, 250, 602
GPS: 573574500, 1, 0, 51.4593280, -2.7894869, 0.0000, 64.4400, 79.5400, 35.4000, 0.0600