GPS: 48420500, 1, 0, 51.4590680, -2.7914424, 0.0000, 35.0400, 47.5100, 24.7300, 300.1600
CMD:6,16,0,4000,514573184,-27905058, 
ATT: -1543, -409, 29690
GPS: 48420750, 1, 0, 51.4590990, -2.7915215, 0.0000, 35.2900, 48.2700, 24.7300, 300.1600
ATT: -1981, -384, 29542
GPS: 48420750, 1, 0, 51.4590990, -2.7915215, 0.0000, 35.6300, 48.2700, 24.7600, 298.1200
ATT: -2956, -406, 29315
GPS: 48420750, 1, 0, 51.4590990, -2.7915215, 0.0000, 36.0600, 48.2700, 24.7600, 298.1200
ATT: -3677, -413, 29145
GPS: 48421000, 1, 0, 51.4591220, -2.7916024, 0.0000, 36.3900, 49.0300, 24.7500, 296.0300
ATT: -4187, -366, 28986
GPS: 48421000, 1, 0, 51.4591220, -2.7916024, 0.0000, 36.8200, 49.0300, 24.7500, 296.0300
ATT: -4465, -316, 28812
GPS: 48421250, 1, 0, 51.4591450, -2.7916839, 0.0000, 37.0700, 49.8700, 24.7500, 296.0300
ATT: -4694, -301, 28618
GPS: 48421250, 1, 0, 51.4591450, -2.7916839, 0.0000, 37.4100, 49.8700, 24.5900, 293.2800
ATT: -4903, -277, 28424
GPS: 48421250, 1, 0, 51.4591450, -2.7916839, 0.0000, 37.7500, 49.8700, 24.5900, 293.2800
ATT: -4995, -261, 28215
GPS: 48421500, 1, 0, 51.4591600, -2.7917688, 0.0000, 38.1700, 50.7400, 24.8600, 288.4600
ATT: -5051, -261, 27988
GPS: 48421500, 1, 0, 51.4591600, -2.7917688, 0.0000, 38.5900, 50.7400, 24.8600, 288.4600
ATT: -5127, -280, 27764
GPS: 48421750, 1, 0, 51.4591750, -2.7918580, 0.0000, 38.8500, 51.5000, 24.8600, 288.4600
ATT: -5206, -314, 27521
GPS: 48421750, 1, 0, 51.4591750, -2.7918580, 0.0000, 39.1900, 51.5000, 25.3600, 282.6500
ATT: -5250, -321, 27289
GPS: 48421750, 1, 0, 51.4591750, -2.7918580, 0.0000, 39.4400, 51.5000, 25.3600, 282.6500
ATT: -5227, -359, 27033
GPS: 48422000, 1, 0, 51.4591790, -2.7919500, 0.0000, 39.7800, 52.0700, 25.2700, 276.5200
ATT: -5196, -435, 26725
GPS: 48422000, 1, 0, 51.4591790, -2.7919500, 0.0000, 40.1200, 52.0700, 25.2700, 276.5200
ATT: -5238, -517, 26464
GPS: 48422250, 1, 0, 51.4591790, -2.7920418, 0.0000, 40.3700, 52.4800, 25.2700, 276.5200
ATT: -5308, -557, 26192
GPS: 48422250, 1, 0, 51.4591790, -2.7920418, 0.0000, 40.6300, 52.4800, 25.3600, 269.5600
ATT: -5481, -603, 25943
GPS: 48422250, 1, 0, 51.4591790, -2.7920418, 0.0000, 40.8800, 52.4800, 25.3600, 269.5600
ATT: -5559, -654, 25723
GPS: 48422500, 1, 0, 51.4591750, -2.7921331, 0.0000, 41.1300, 52.6800, 25.2500, 262.3100
ATT: -5406, -716, 25473
GPS: 48422500, 1, 0, 51.4591750, -2.7921331, 0.0000, 41.3900, 52.6800, 25.2500, 262.3100
ATT: -5381, -689, 25215
GPS: 48422750, 1, 0, 51.4591600, -2.7922225, 0.0000, 41.5600, 52.6800, 25.2500, 262.3100
ATT: -5369, -629, 24974
GPS: 48422750, 1, 0, 51.4591600, -2.7922225, 0.0000, 41.8100, 52.6800, 25.1000, 254.8300
ATT: -5271, -633, 24685
GPS: 48422750, 1, 0, 51.4591600, -2.7922225, 0.0000, 41.9800, 52.6800, 25.1000, 254.8300
ATT: -5234, -682, 24367
GPS: 48423000, 1, 0, 51.4591410, -2.7923083, 0.0000, 42.0700, 52.3600, 25.2600, 248.7000
ATT: -5245, -717, 24042
GPS: 48423000, 1, 0, 51.4591410, -2.7923083, 0.0000, 42.0700, 52.3600, 25.2600, 248.7000
ATT: -5185, -739, 23782
GPS: 48423250, 1, 0, 51.4591140, -2.7923896, 0.0000, 42.0700, 51.8100, 25.2600, 248.7000
ATT: -5097, -756, 23566
GPS: 48423250, 1, 0, 51.4591140, -2.7923896, 0.0000, 42.0700, 51.8100, 24.9400, 240.6100
ATT: -5163, -751, 23285
GPS: 48423250, 1, 0, 51.4591140, -2.7923896, 0.0000, 41.9800, 51.8100, 24.9400, 240.6100
ATT: -5312, -772, 23018
GPS: 48423500, 1, 0, 51.4590800, -2.7924623, 0.0000, 41.9000, 51.1900, 24.6600, 233.2900
ATT: -5247, -696, 22721
GPS: 48423500, 1, 0, 51.4590800, -2.7924623, 0.0000, 41.7300, 51.1900, 24.6600, 233.2900
ATT: -5023, -598, 22502
GPS: 48423750, 1, 0, 51.4590450, -2.7925279, 0.0000, 41.6400, 50.2900, 24.6600, 233.2900
ATT: -4997, -593, 22219
GPS: 48423750, 1, 0, 51.4590450, -2.7925279, 0.0000, 41.3900, 50.2900, 24.4200, 226.8900
ATT: -4932, -634, 21924
GPS: 48423750, 1, 0, 51.4590450, -2.7925279, 0.0000, 41.1300, 50.2900, 24.4200, 226.8900
ATT: -4932, -690, 21610
GPS: 48424000, 1, 0, 51.4590030, -2.7925842, 0.0000, 40.8000, 49.2000, 23.9800, 219.1300
ATT: -5018, -720, 21298
GPS: 48424000, 1, 0, 51.4590030, -2.7925842, 0.0000, 40.3700, 49.2000, 23.9800, 219.1300
ATT: -5133, -744, 21014
GPS: 48424250, 1, 0, 51.4589610, -2.7926292, 0.0000, 40.1200, 48.1000, 23.9800, 219.1300
ATT: -5277, -760, 20710
GPS: 48424250, 1, 0, 51.4589610, -2.7926292, 0.0000, 39.7000, 48.1000, 23.7100, 211.4100
ATT: -5320, -749, 20400
GPS: 48424250, 1, 0, 51.4589610, -2.7926292, 0.0000, 39.2700, 48.1000, 23.7100, 211.4100
ATT: -5262, -697, 20097
GPS: 48424500, 1, 0, 51.4589160, -2.7926631, 0.0000, 38.7600, 46.9000, 23.6400, 203.3600
ATT: -4976, -580, 19824
GPS: 48424500, 1, 0, 51.4589160, -2.7926631, 0.0000, 38.2600, 46.9000, 23.6400, 203.3600
ATT: -4324, -451, 19614
GPS: 48424750, 1, 0, 51.4588660, -2.7926836, 0.0000, 37.8300, 45.5300, 23.6400, 203.3600
ATT: -3685, -431, 19343
GPS: 48424750, 1, 0, 51.4588660, -2.7926836, 0.0000, 37.4100, 45.5300, 23.0500, 194.5200
ATT: -3873, -495, 18958
GPS: 48424750, 1, 0, 51.4588660, -2.7926836, 0.0000, 36.9000, 45.5300, 23.0500, 194.5200
ATT: -4252, -561, 18623
GPS: 48425000, 1, 0, 51.4588200, -2.7926908, 0.0000, 36.3900, 44.2800, 22.2100, 185.3200
ATT: -4588, -593, 18318
GPS: 48425000, 1, 0, 51.4588200, -2.7926908, 0.0000, 35.9700, 44.2800, 22.2100, 185.3200
ATT: -4697, -560, 18098
GPS: 48425250, 1, 0, 51.4587670, -2.7926860, 0.0000, 35.6300, 43.1600, 22.2100, 185.3200
ATT: -4778, -488, 17883
GPS: 48425250, 1, 0, 51.4587670, -2.7926860, 0.0000, 35.2900, 43.1600, 22.4900, 177.1000
ATT: -4874, -456, 17613
GPS: 48425250, 1, 0, 51.4587670, -2.7926860, 0.0000, 34.8700, 43.1600, 22.4900, 177.1000
ATT: -4914, -481, 17298
GPS: 48425500, 1, 0, 51.4587210, -2.7926707, 0.0000, 34.4500, 42.1300, 22.3800, 169.8900
ATT: -5080, -520, 16953
GPS: 48425500, 1, 0, 51.4587210, -2.7926707, 0.0000, 34.0200, 42.1300, 22.3800, 169.8900
ATT: -5082, -535, 16673
GPS: 48425750, 1, 0, 51.4586750, -2.7926450, 0.0000, 33.6900, 41.0100, 22.3800, 169.8900
ATT: -5298, -534, 16387
GPS: 48425750, 1, 0, 51.4586750, -2.7926450, 0.0000, 33.2600, 41.0100, 22.2900, 161.9700
ATT: -5118, -486, 16130
GPS: 48425750, 1, 0, 51.4586750, -2.7926450, 0.0000, 32.7500, 41.0100, 22.2900, 161.9700
ATT: -4776, -460, 15852
GPS: 48426000, 1, 0, 51.4586300, -2.7926087, 0.0000, 32.1600, 39.8600, 22.4900, 154.0900
ATT: -4244, -423, 15557
GPS: 48426000, 1, 0, 51.4586300, -2.7926087, 0.0000, 31.4900, 39.8600, 22.4900, 154.0900
ATT: -3979, -368, 15299
GPS: 48426250, 1, 0, 51.4585880, -2.7925620, 0.0000, 30.9800, 38.7400, 22.4900, 154.0900
ATT: -3820, -313, 15053
GPS: 48426250, 1, 0, 51.4585880, -2.7925620, 0.0000, 30.4700, 38.7400, 22.5900, 145.6900
ATT: -3481, -239, 14836
GPS: 48426250, 1, 0, 51.4585880, -2.7925620, 0.0000, 29.8800, 38.7400, 22.5900, 145.6900
ATT: -3055, -180, 14630
GPS: 48426500, 1, 0, 51.4585490, -2.7925067, 0.0000, 29.2000, 37.6400, 22.5400, 137.5500
ATT: -2658, -155, 14413
GPS: 48426500, 1, 0, 51.4585490, -2.7925067, 0.0000, 28.5300, 37.6400, 22.5400, 137.5500
ATT: -2171, -139, 14237
GPS: 48426750, 1, 0, 51.4585230, -2.7924447, 0.0000, 28.1000, 36.6800, 22.5400, 137.5500
ATT: -1767, -127, 14045
GPS: 48426750, 1, 0, 51.4585230, -2.7924447, 0.0000, 27.6000, 36.6800, 22.7600, 130.1200
ATT: -1268, -133, 13854
GPS: 48426750, 1, 0, 51.4585230, -2.7924447, 0.0000, 27.0900, 36.6800, 22.7600, 130.1200
ATT: -856, -156, 13681
GPS: 48427000, 1, 0, 51.4584960, -2.7923777, 0.0000, 26.5800, 35.9800, 22.5700, 124.4200
ATT: -500, -177, 13486
GPS: 48427000, 1, 0, 51.4584960, -2.7923777, 0.0000, 26.1600, 35.9800, 22.5700, 124.4200
ATT: -192, -215, 13333
GPS: 48427250, 1, 0, 51.4584690, -2.7923083, 0.0000, 25.8200, 35.4500, 22.5700, 124.4200
ATT: -23, -232, 13208
GPS: 48427250, 1, 0, 51.4584690, -2.7923083, 0.0000, 25.5700, 35.4500, 22.4900, 120.3600
ATT: 178, -285, 13074
GPS: 48427250, 1, 0, 51.4584690, -2.7923083, 0.0000, 25.3100, 35.4500, 22.4900, 120.3600
ATT: 433, -302, 12963
GPS: 48427500, 1, 0, 51.4584470, -2.7922380, 0.0000, 24.9800, 34.9900, 22.6000, 118.4800
ATT: 646, -311, 12832
GPS: 48427500, 1, 0, 51.4584470, -2.7922380, 0.0000, 24.6400, 34.9900, 22.6000, 118.4800
ATT: 792, -325, 12710
GPS: 48427750, 1, 0, 51.4584270, -2.7921677, 0.0000, 24.3800, 34.4500, 22.6000, 118.4800
ATT: 806, -323, 12624
GPS: 48427750, 1, 0, 51.4584270, -2.7921677, 0.0000, 24.1300, 34.4500, 22.8300, 118.0800
ATT: 839, -300, 12588
GPS: 48427750, 1, 0, 51.4584270, -2.7921677, 0.0000, 23.8800, 34.4500, 22.8300, 118.0800
ATT: 972, -297, 12588
GPS: 48428000, 1, 0, 51.4584050, -2.7920971, 0.0000, 23.6200, 33.9900, 22.6800, 118.1800
ATT: 1095, -291, 12584
GPS: 48428000, 1, 0, 51.4584050, -2.7920971, 0.0000, 23.3700, 33.9900, 22.6800, 118.1800
PM:20001,1000,20,0,20,0,0,104,806,0, 
ATT: 1116, -285, 12554
GPS: 48428250, 1, 0, 51.4583780, -2.7920284, 0.0000, 23.2000, 33.6800, 22.6800, 118.1800
ATT: 1049, -275, 12542
GPS: 48428250, 1, 0, 51.4583780, -2.7920284, 0.0000, 23.0300, 33.6800, 22.7200, 118.5200
ATT: 1002, -252, 12519
GPS: 48428250, 1, 0, 51.4583780, -2.7920284, 0.0000, 22.8600, 33.6800, 22.7200, 118.5200
ATT: 994, -239, 12505
GPS: 48428500, 1, 0, 51.4583550, -2.7919605, 0.0000, 22.6900, 33.4400, 22.7000, 119.2100
ATT: 1002, -222, 12515
GPS: 48428500, 1, 0, 51.4583550, -2.7919605, 0.0000, 22.5300, 33.4400, 22.7000, 119.2100
ATT: 1067, -209, 12514
GPS: 48428750, 1, 0, 51.4583280, -2.7918940, 0.0000, 22.3600, 33.2100, 22.7600, 120.3400
ATT: 1055, -179, 12489
GPS: 48428750, 1, 0, 51.4583280, -2.7918940, 0.0000, 22.2700, 33.2100, 22.7600, 120.3400
ATT: 1041, -183, 12477
GPS: 48428750, 1, 0, 51.4583280, -2.7918940, 0.0000, 22.1000, 33.2100, 22.7600, 120.3400
ATT: 1026, -179, 12477
GPS: 48429000, 1, 0, 51.4583020, -2.7918277, 0.0000, 22.0200, 33.0800, 22.9700, 121.4900
ATT: 960, -170, 12483
GPS: 48429000, 1, 0, 51.4583020, -2.7918277, 0.0000, 21.9300, 33.0800, 22.9700, 121.4900
ATT: 913, -158, 12477
GPS: 48429250, 1, 0, 51.4582710, -2.7917616, 0.0000, 21.8500, 33.1700, 22.9700, 121.4900
ATT: 932, -157, 12495
GPS: 48429250, 1, 0, 51.4582710, -2.7917616, 0.0000, 21.7600, 33.1700, 22.7000, 122.3800
ATT: 891, -167, 12530
GPS: 48429250, 1, 0, 51.4582710, -2.7917616, 0.0000, 21.7600, 33.1700, 22.7000, 122.3800
ATT: 939, -185, 12545
GPS: 48429500, 1, 0, 51.4582480, -2.7916975, 0.0000, 21.7600, 33.3600, 22.5600, 123.8800
ATT: 909, -176, 12530
GPS: 48429500, 1, 0, 51.4582480, -2.7916975, 0.0000, 21.7600, 33.3600, 22.5600, 123.8800
ATT: 881, -190, 12502
GPS: 48429750, 1, 0, 51.4582180, -2.7916341, 0.0000, 21.7600, 33.6700, 22.5600, 123.8800
ATT: 832, -197, 12501
GPS: 48429750, 1, 0, 51.4582180, -2.7916341, 0.0000, 21.7600, 33.6700, 22.2800, 124.2600
ATT: 770, -212, 12557
GPS: 48429750, 1, 0, 51.4582180, -2.7916341, 0.0000, 21.7600, 33.6700, 22.2800, 124.2600
ATT: 770, -239, 12623
GPS: 48430000, 1, 0, 51.4581870, -2.7915716, 0.0000, 21.8500, 34.0500, 22.0100, 125.0100
ATT: 762, -260, 12629
GPS: 48430000, 1, 0, 51.4581870, -2.7915716, 0.0000, 21.9300, 34.0500, 22.0100, 125.0100
ATT: 919, -227, 12595
GPS: 48430250, 1, 0, 51.4581570, -2.7915101, 0.0000, 22.0200, 34.4700, 22.0100, 125.0100
ATT: 951, -209, 12535
GPS: 48430250, 1, 0, 51.4581570, -2.7915101, 0.0000, 22.1000, 34.4700, 21.9100, 125.6300
ATT: 933, -197, 12448
GPS: 48430250, 1, 0, 51.4581570, -2.7915101, 0.0000, 22.1900, 34.4700, 21.9100, 125.6300
ATT: 905, -187, 12388
GPS: 48430500, 1, 0, 51.4581300, -2.7914493, 0.0000, 22.3600, 34.9800, 21.7900, 126.7300
ATT: 765, -184, 12396
GPS: 48430500, 1, 0, 51.4581300, -2.7914493, 0.0000, 22.5300, 34.9800, 21.7900, 126.7300
ATT: 612, -188, 12461
GPS: 48430750, 1, 0, 51.4580960, -2.7913897, 0.0000, 22.6900, 35.7000, 21.7900, 126.7300
ATT: 581, -207, 12570
GPS: 48430750, 1, 0, 51.4580960, -2.7913897, 0.0000, 22.8600, 35.7000, 21.4100, 127.5000
ATT: 618, -245, 12658
GPS: 48430750, 1, 0, 51.4580960, -2.7913897, 0.0000, 23.1200, 35.7000, 21.4100, 127.5000
ATT: 632, -269, 12748
GPS: 48431000, 1, 0, 51.4580690, -2.7913325, 0.0000, 23.3700, 36.3100, 21.2100, 128.3700
ATT: 802, -290, 12816
GPS: 48431000, 1, 0, 51.4580690, -2.7913325, 0.0000, 23.7100, 36.3100, 21.2100, 128.3700
ATT: 906, -332, 12830
GPS: 48431000, 1, 0, 51.4580690, -2.7913325, 0.0000, 23.9600, 36.3100, 21.2100, 128.3700
ATT: 908, -373, 12831
GPS: 48431250, 1, 0, 51.4580350, -2.7912760, 0.0000, 24.2100, 37.1200, 20.9800, 128.8900
ATT: 1038, -387, 12871
GPS: 48431250, 1, 0, 51.4580350, -2.7912760, 0.0000, 24.4700, 37.1200, 20.9800, 128.8900
ATT: 1119, -389, 12909
GPS: 48431500, 1, 0, 51.4580080, -2.7912207, 0.0000, 24.8100, 37.9200, 20.7200, 129.2600
ATT: 1242, -412, 12897
GPS: 48431500, 1, 0, 51.4580080, -2.7912207, 0.0000, 25.1500, 37.9200, 20.7200, 129.2600
ATT: 1246, -422, 12862
GPS: 48431750, 1, 0, 51.4579730, -2.7911658, 0.0000, 25.4000, 38.7000, 20.7200, 129.2600
ATT: 1329, -400, 12888
GPS: 48431750, 1, 0, 51.4579730, -2.7911658, 0.0000, 25.6500, 38.7000, 20.5300, 130.2400
ATT: 1448, -386, 12982
GPS: 48431750, 1, 0, 51.4579730, -2.7911658, 0.0000, 25.9900, 38.7000, 20.5300, 130.2400
ATT: 1543, -398, 13104
GPS: 48432000, 1, 0, 51.4579470, -2.7911124, 0.0000, 26.3300, 39.3700, 20.4000, 130.6800
ATT: 1666, -430, 13182
GPS: 48432000, 1, 0, 51.4579470, -2.7911124, 0.0000, 26.6700, 39.3700, 20.4000, 130.6800
ATT: 1766, -446, 13255
GPS: 48432250, 1, 0, 51.4579120, -2.7910593, 0.0000, 26.9200, 39.8700, 20.4000, 130.6800
ATT: 1748, -442, 13306
GPS: 48432250, 1, 0, 51.4579120, -2.7910593, 0.0000, 27.3400, 39.8700, 20.3700, 131.9100
ATT: 1656, -448, 13353
GPS: 48432250, 1, 0, 51.4579120, -2.7910593, 0.0000, 27.7700, 39.8700, 20.3700, 131.9100
ATT: 1572, -432, 13416
GPS: 48432500, 1, 0, 51.4578820, -2.7910063, 0.0000, 28.1000, 40.4400, 20.2500, 133.0400
ATT: 1569, -409, 13489
GPS: 48432500, 1, 0, 51.4578820, -2.7910063, 0.0000, 28.4400, 40.4400, 20.2500, 133.0400
ATT: 1504, -388, 13494
GPS: 48432750, 1, 0, 51.4578480, -2.7909555, 0.0000, 28.7000, 40.8600, 20.2500, 133.0400
ATT: 1498, -362, 13476
GPS: 48432750, 1, 0, 51.4578480, -2.7909555, 0.0000, 28.9500, 40.8600, 20.3000, 134.6200
ATT: 1541, -349, 13522
GPS: 48432750, 1, 0, 51.4578480, -2.7909555, 0.0000, 29.2900, 40.8600, 20.3000, 134.6200
ATT: 1618, -362, 13635
GPS: 48433000, 1, 0, 51.4578130, -2.7909071, 0.0000, 29.6300, 41.4700, 20.1100, 136.8100
ATT: 1721, -369, 13725
GPS: 48433000, 1, 0, 51.4578130, -2.7909071, 0.0000, 29.8800, 41.4700, 20.1100, 136.8100
ATT: 1709, -351, 13768
GPS: 48433250, 1, 0, 51.4577790, -2.7908597, 0.0000, 30.1300, 42.1700, 20.1100, 136.8100
ATT: 1685, -335, 13808
GPS: 48433250, 1, 0, 51.4577790, -2.7908597, 0.0000, 30.3900, 42.1700, 20.0500, 138.5700
ATT: 1734, -315, 13831
GPS: 48433250, 1, 0, 51.4577790, -2.7908597, 0.0000, 30.6400, 42.1700, 20.0500, 138.5700
ATT: 1769, -279, 13867
GPS: 48433500, 1, 0, 51.4577410, -2.7908132, 0.0000, 30.8900, 42.8300, 20.0900, 140.8200
ATT: 1688, -270, 13904
GPS: 48433500, 1, 0, 51.4577410, -2.7908132, 0.0000, 31.2300, 42.8300, 20.0900, 140.8200
ATT: 1521, -295, 13979
GPS: 48433750, 1, 0, 51.4577060, -2.7907696, 0.0000, 31.4900, 43.5600, 20.0900, 140.8200
ATT: 1374, -342, 14103
GPS: 48433750, 1, 0, 51.4577060, -2.7907696, 0.0000, 31.8200, 43.5600, 20.0800, 143.1300
ATT: 1417, -385, 14225
GPS: 48433750, 1, 0, 51.4577060, -2.7907696, 0.0000, 32.1600, 43.5600, 20.0800, 143.1300
ATT: 1497, -407, 14287
GPS: 48434000, 1, 0, 51.4576680, -2.7907276, 0.0000, 32.5000, 44.4100, 20.0100, 144.5400
ATT: 1430, -414, 14322
GPS: 48434000, 1, 0, 51.4576680, -2.7907276, 0.0000, 32.8400, 44.4100, 20.0100, 144.5400
ATT: 1197, -411, 14363
GPS: 48434250, 1, 0, 51.4576300, -2.7906866, 0.0000, 33.0900, 45.0400, 20.0100, 144.5400
ATT: 1025, -423, 14399
GPS: 48434250, 1, 0, 51.4576300, -2.7906866, 0.0000, 33.4300, 45.0400, 20.4400, 145.9800
ATT: 1106, -460, 14468
GPS: 48434250, 1, 0, 51.4576300, -2.7906866, 0.0000, 33.7700, 45.0400, 20.4400, 145.9800
ATT: 1283, -509, 14530
GPS: 48434500, 1, 0, 51.4575920, -2.7906468, 0.0000, 34.1100, 45.7000, 20.4100, 147.8000
ATT: 1409, -509, 14574
GPS: 48434500, 1, 0, 51.4575920, -2.7906468, 0.0000, 34.4500, 45.7000, 20.4100, 147.8000
CMD:7,16,0,4000,514600288,-27892292, 
ATT: 1456, -490, 14627
GPS: 48434750, 1, 0, 51.4575540, -2.7906082, 0.0000, 34.7000, 46.1900, 20.4100, 147.8000
ATT: 1352, -420, 14603
GPS: 48434750, 1, 0, 51.4575540, -2.7906082, 0.0000, 34.9600, 46.1900, 20.6300, 148.7800
ATT: -487, -331, 14218
GPS: 48434750, 1, 0, 51.4575540, -2.7906082, 0.0000, 35.2900, 46.1900, 20.6300, 148.7800
ATT: -2180, -446, 14127
GPS: 48435000, 1, 0, 51.4575120, -2.7905705, 0.0000, 35.6300, 46.5100, 20.8700, 150.7700
ATT: -3441, -453, 14246
GPS: 48435000, 1, 0, 51.4575120, -2.7905705, 0.0000, 36.0600, 46.5100, 20.8700, 150.7700
ATT: -4105, -341, 14296
GPS: 48435250, 1, 0, 51.4574700, -2.7905357, 0.0000, 36.3100, 47.2500, 20.8700, 150.7700
ATT: -4456, -275, 14211
GPS: 48435250, 1, 0, 51.4574700, -2.7905357, 0.0000, 36.5600, 47.2500, 20.5000, 152.2000
ATT: -4747, -254, 14083
GPS: 48435250, 1, 0, 51.4574700, -2.7905357, 0.0000, 36.9000, 47.2500, 20.5000, 152.2000
ATT: -4823, -211, 13999
GPS: 48435500, 1, 0, 51.4574280, -2.7904994, 0.0000, 37.2400, 48.2100, 20.3100, 149.5500
ATT: -5007, -155, 13943
GPS: 48435500, 1, 0, 51.4574280, -2.7904994, 0.0000, 37.6600, 48.2100, 20.3100, 149.5500
ATT: -5078, -155, 13853
GPS: 48435750, 1, 0, 51.4573940, -2.7904561, 0.0000, 37.9200, 49.1600, 20.3100, 149.5500
ATT: -5112, -244, 13686
GPS: 48435750, 1, 0, 51.4573940, -2.7904561, 0.0000, 38.2600, 49.1600, 20.0800, 143.4900
ATT: -5184, -346, 13487
GPS: 48435750, 1, 0, 51.4573940, -2.7904561, 0.0000, 38.6800, 49.1600, 20.0800, 143.4900
ATT: -5308, -454, 13290
GPS: 48436000, 1, 0, 51.4573590, -2.7904055, 0.0000, 39.1000, 50.1900, 19.5900, 137.5000
ATT: -5429, -509, 13079
GPS: 48436000, 1, 0, 51.4573590, -2.7904055, 0.0000, 39.4400, 50.1900, 19.5900, 137.5000
ATT: -5506, -516, 12868
GPS: 48436250, 1, 0, 51.4573330, -2.7903488, 0.0000, 39.7000, 50.8600, 19.5900, 137.5000
ATT: -5603, -521, 12649
GPS: 48436250, 1, 0, 51.4573330, -2.7903488, 0.0000, 39.9500, 50.8600, 19.5800, 131.1200
ATT: -5580, -575, 12386
GPS: 48436250, 1, 0, 51.4573330, -2.7903488, 0.0000, 40.2000, 50.8600, 19.5800, 131.1200
ATT: -5640, -676, 12095
GPS: 48436500, 1, 0, 51.4573100, -2.7902873, 0.0000, 40.4600, 51.4000, 19.4500, 124.4800
ATT: -5601, -746, 11790
GPS: 48436500, 1, 0, 51.4573100, -2.7902873, 0.0000, 40.7100, 51.4000, 19.4500, 124.4800
ATT: -5555, -774, 11532
GPS: 48436500, 1, 0, 51.4573100, -2.7902873, 0.0000, 40.8800, 51.4000, 19.4500, 124.4800
ATT: -5528, -759, 11307
GPS: 48436750, 1, 0, 51.4572940, -2.7902219, 0.0000, 41.0500, 51.6800, 19.3500, 117.8800
ATT: -5374, -694, 11052
GPS: 48436750, 1, 0, 51.4572940, -2.7902219, 0.0000, 41.2200, 51.6800, 19.3500, 117.8800
ATT: -5371, -627, 10760
GPS: 48437000, 1, 0, 51.4572830, -2.7901535, 0.0000, 41.3900, 51.7100, 19.0400, 110.2800
ATT: -5330, -625, 10460
GPS: 48437000, 1, 0, 51.4572830, -2.7901535, 0.0000, 41.4700, 51.7100, 19.0400, 110.2800
ATT: -5293, -700, 10137
GPS: 48437000, 1, 0, 51.4572830, -2.7901535, 0.0000, 41.5600, 51.7100, 19.0400, 110.2800
ATT: -5249, -754, 9786
GPS: 48437250, 1, 0, 51.4572790, -2.7900853, 0.0000, 41.6400, 51.6200, 18.7500, 102.4600
ATT: -5300, -840, 9444
GPS: 48437250, 1, 0, 51.4572790, -2.7900853, 0.0000, 41.7300, 51.6200, 18.7500, 102.4600
ATT: -5293, -863, 9105
GPS: 48437500, 1, 0, 51.4572830, -2.7900181, 0.0000, 41.7300, 51.3500, 18.4400, 91.1000
ATT: -5282, -886, 8760
GPS: 48437500, 1, 0, 51.4572830, -2.7900181, 0.0000, 41.7300, 51.3500, 18.4400, 91.1000
ATT: -5130, -879, 8451
GPS: 48437750, 1, 0, 51.4572940, -2.7899549, 0.0000, 41.7300, 50.8400, 18.4400, 91.1000
ATT: -5099, -883, 8125
GPS: 48437750, 1, 0, 51.4572940, -2.7899549, 0.0000, 41.7300, 50.8400, 18.2500, 80.1300
ATT: -4960, -882, 7745
GPS: 48437750, 1, 0, 51.4572940, -2.7899549, 0.0000, 41.7300, 50.8400, 18.2500, 80.1300
ATT: -4944, -907, 7330
GPS: 48438000, 1, 0, 51.4573170, -2.7898953, 0.0000, 41.6400, 50.0700, 18.2500, 70.6200
ATT: -5004, -932, 6898
GPS: 48438000, 1, 0, 51.4573170, -2.7898953, 0.0000, 41.5600, 50.0700, 18.2500, 70.6200
ATT: -5055, -940, 6518
GPS: 48438250, 1, 0, 51.4573440, -2.7898412, 0.0000, 41.4700, 49.2600, 18.2500, 70.6200
ATT: -4997, -898, 6152
GPS: 48438250, 1, 0, 51.4573440, -2.7898412, 0.0000, 41.3000, 49.2600, 18.6400, 57.8100
ATT: -4924, -826, 5793
GPS: 48438250, 1, 0, 51.4573440, -2.7898412, 0.0000, 41.1300, 49.2600, 18.6400, 57.8100
ATT: -4964, -812, 5414
GPS: 48438500, 1, 0, 51.4573750, -2.7897947, 0.0000, 40.8800, 48.4100, 19.0400, 44.5900
ATT: -5025, -872, 5001
GPS: 48438500, 1, 0, 51.4573750, -2.7897947, 0.0000, 40.6300, 48.4100, 19.0400, 44.5900
ATT: -5011, -934, 4531
GPS: 48438750, 1, 0, 51.4574130, -2.7897594, 0.0000, 40.3700, 47.5000, 19.0400, 44.5900
ATT: -4942, -970, 4064
GPS: 48438750, 1, 0, 51.4574130, -2.7897594, 0.0000, 40.1200, 47.5000, 19.5900, 31.8600
ATT: -4855, -937, 3628
GPS: 48438750, 1, 0, 51.4574130, -2.7897594, 0.0000, 39.7000, 47.5000, 19.5900, 31.8600
ATT: -4692, -848, 3251
GPS: 48439000, 1, 0, 51.4574580, -2.7897346, 0.0000, 39.2700, 46.5100, 20.4500, 21.7900
ATT: -4335, -726, 2903
GPS: 48439000, 1, 0, 51.4574580, -2.7897346, 0.0000, 38.7600, 46.5100, 20.4500, 21.7900
ATT: -3787, -581, 2657
GPS: 48439250, 1, 0, 51.4575040, -2.7897213, 0.0000, 38.4200, 45.3700, 20.4500, 21.7900
ATT: -3343, -438, 2420
GPS: 48439250, 1, 0, 51.4575040, -2.7897213, 0.0000, 38.0000, 45.3700, 21.2000, 10.8100
ATT: -2866, -341, 2177
GPS: 48439250, 1, 0, 51.4575040, -2.7897213, 0.0000, 37.4900, 45.3700, 21.2000, 10.8100
ATT: -2325, -318, 1927
GPS: 48439500, 1, 0, 51.4575540, -2.7897208, 0.0000, 36.9900, 44.1900, 22.0600, 0.9000
ATT: -1750, -337, 1653
GPS: 48439500, 1, 0, 51.4575540, -2.7897208, 0.0000, 36.4800, 44.1900, 22.0600, 0.9000
ATT: -1359, -379, 1367
GPS: 48439750, 1, 0, 51.4576000, -2.7897308, 0.0000, 36.0600, 42.9200, 22.0600, 0.9000
ATT: -1165, -408, 1074
GPS: 48439750, 1, 0, 51.4576000, -2.7897308, 0.0000, 35.5500, 42.9200, 22.9200, 354.0800
ATT: -968, -400, 846
GPS: 48439750, 1, 0, 51.4576000, -2.7897308, 0.0000, 35.0400, 42.9200, 22.9200, 354.0800
ATT: -681, -398, 695
GPS: 48440000, 1, 0, 51.4576490, -2.7897460, 0.0000, 34.4500, 41.7700, 23.6600, 350.1400
ATT: -279, -377, 605
GPS: 48440000, 1, 0, 51.4576490, -2.7897460, 0.0000, 33.8600, 41.7700, 23.6600, 350.1400
ATT: 119, -367, 489
GPS: 48440250, 1, 0, 51.4576990, -2.7897649, 0.0000, 33.4300, 40.6300, 23.6600, 350.1400
ATT: 506, -359, 322
GPS: 48440250, 1, 0, 51.4576990, -2.7897649, 0.0000, 32.8400, 40.6300, 24.2800, 347.2900
ATT: 878, -346, 129
GPS: 48440250, 1, 0, 51.4576990, -2.7897649, 0.0000, 32.1600, 40.6300, 24.2800, 347.2900
ATT: 1168, -309, 35945
GPS: 48440500, 1, 0, 51.4577520, -2.7897859, 0.0000, 31.4900, 39.6200, 24.6800, 345.6900
ATT: 1305, -294, 35772
GPS: 48440500, 1, 0, 51.4577520, -2.7897859, 0.0000, 30.8100, 39.6200, 24.6800, 345.6900
ATT: 1371, -290, 35661
GPS: 48440750, 1, 0, 51.4578020, -2.7898092, 0.0000, 30.3000, 38.6200, 24.6800, 345.6900
ATT: 1467, -277, 35606
GPS: 48440750, 1, 0, 51.4578020, -2.7898092, 0.0000, 29.7900, 38.6200, 24.8600, 345.2100
ATT: 1513, -228, 35527
GPS: 48440750, 1, 0, 51.4578020, -2.7898092, 0.0000, 29.2900, 38.6200, 24.8600, 345.2100
ATT: 1582, -180, 35453
GPS: 48441000, 1, 0, 51.4578550, -2.7898312, 0.0000, 28.7800, 37.7800, 25.1100, 345.4700
ATT: 1599, -159, 35415
GPS: 48441000, 1, 0, 51.4578550, -2.7898312, 0.0000, 28.2700, 37.7800, 25.1100, 345.4700
ATT: 1587, -154, 35387
GPS: 48441250, 1, 0, 51.4579090, -2.7898529, 0.0000, 27.8500, 37.0900, 25.1100, 345.4700
ATT: 1675, -145, 35397
GPS: 48441250, 1, 0, 51.4579090, -2.7898529, 0.0000, 27.5100, 37.0900, 25.2000, 346.0400
ATT: 1681, -143, 35395
GPS: 48441250, 1, 0, 51.4579090, -2.7898529, 0.0000, 27.1700, 37.0900, 25.2000, 346.0400
ATT: 1635, -132, 35381
GPS: 48441500, 1, 0, 51.4579620, -2.7898724, 0.0000, 26.8400, 36.8000, 24.9400, 347.0700
ATT: 1586, -117, 35373
GPS: 48441500, 1, 0, 51.4579620, -2.7898724, 0.0000, 26.5000, 36.8000, 24.9400, 347.0700
ATT: 1545, -121, 35373
GPS: 48441750, 1, 0, 51.4580120, -2.7898908, 0.0000, 26.2400, 36.5300, 24.9400, 347.0700
ATT: 1623, -122, 35384
GPS: 48441750, 1, 0, 51.4580120, -2.7898908, 0.0000, 25.9900, 36.5300, 24.8800, 347.9300
ATT: 1650, -135, 35387
GPS: 48441750, 1, 0, 51.4580120, -2.7898908, 0.0000, 25.8200, 36.5300, 24.8800, 347.9300
ATT: 1634, -133, 35392
GPS: 48442000, 1, 0, 51.4580650, -2.7899077, 0.0000, 25.6500, 36.4200, 24.2800, 348.3800
ATT: 1642, -155, 35407
GPS: 48442000, 1, 0, 51.4580650, -2.7899077, 0.0000, 25.4800, 36.4200, 24.2800, 348.3800
ATT: 1701, -176, 35430
GPS: 48442000, 1, 0, 51.4580650, -2.7899077, 0.0000, 25.4000, 36.4200, 24.2800, 348.3800
ATT: 1723, -187, 35446
GPS: 48442250, 1, 0, 51.4581150, -2.7899218, 0.0000, 25.3100, 36.3400, 24.3200, 349.3200
ATT: 1810, -201, 35450
GPS: 48442250, 1, 0, 51.4581150, -2.7899218, 0.0000, 25.2300, 36.3400, 24.3200, 349.3200
ATT: 1869, -209, 35429
GPS: 48442500, 1, 0, 51.4581680, -2.7899342, 0.0000, 25.1500, 36.3500, 24.1400, 350.0100
ATT: 1932, -213, 35404
GPS: 48442500, 1, 0, 51.4581680, -2.7899342, 0.0000, 25.0600, 36.3500, 24.1400, 350.0100
ATT: 1986, -219, 35381
GPS: 48442750, 1, 0, 51.4582210, -2.7899456, 0.0000, 25.0600, 36.2700, 24.1400, 350.0100
ATT: 1992, -209, 35377
GPS: 48442750, 1, 0, 51.4582210, -2.7899456, 0.0000, 25.0600, 36.2700, 24.1100, 351.2000
ATT: 2012, -178, 35422
GPS: 48442750, 1, 0, 51.4582210, -2.7899456, 0.0000, 25.0600, 36.2700, 24.1100, 351.2000
ATT: 1976, -187, 35475
GPS: 48443000, 1, 0, 51.4582710, -2.7899551, 0.0000, 25.0600, 36.3400, 24.0400, 352.1300
ATT: 2062, -175, 35545
GPS: 48443000, 1, 0, 51.4582710, -2.7899551, 0.0000, 25.0600, 36.3400, 24.0400, 352.1300
ATT: 2081, -169, 35544
GPS: 48443250, 1, 0, 51.4583240, -2.7899632, 0.0000, 25.0600, 36.5200, 24.0400, 352.1300
ATT: 2177, -122, 35484
GPS: 48443250, 1, 0, 51.4583240, -2.7899632, 0.0000, 25.0600, 36.5200, 23.4300, 353.5500
ATT: 2124, -93, 35454
GPS: 48443250, 1, 0, 51.4583240, -2.7899632, 0.0000, 25.0600, 36.5200, 23.4300, 353.5500
ATT: 2038, -103, 35494
GPS: 48443500, 1, 0, 51.4583740, -2.7899697, 0.0000, 25.0600, 36.6600, 23.3800, 355.4100
ATT: 1823, -125, 35625
GPS: 48443500, 1, 0, 51.4583740, -2.7899697, 0.0000, 25.0600, 36.6600, 23.3800, 355.4100
ATT: 1723, -156, 35803
GPS: 48443750, 1, 0, 51.4584270, -2.7899733, 0.0000, 25.0600, 36.9800, 23.3800, 355.4100
ATT: 2052, -172, 35870
GPS: 48443750, 1, 0, 51.4584270, -2.7899733, 0.0000, 25.1500, 36.9800, 23.1500, 356.9800
ATT: 2385, -124, 35818
GPS: 48443750, 1, 0, 51.4584270, -2.7899733, 0.0000, 25.2300, 36.9800, 23.1500, 356.9800
ATT: 2462, -63, 35721
GPS: 48444000, 1, 0, 51.4584770, -2.7899740, 0.0000, 25.3100, 37.2700, 22.5600, 358.2900
ATT: 2357, -28, 35688
GPS: 48444000, 1, 0, 51.4584770, -2.7899740, 0.0000, 25.4800, 37.2700, 22.5600, 358.2900
ATT: 2171, -29, 35705
GPS: 48444000, 1, 0, 51.4584770, -2.7899740, 0.0000, 25.5700, 37.2700, 22.5600, 358.2900
ATT: 2290, -68, 35793
GPS: 48444250, 1, 0, 51.4585270, -2.7899735, 0.0000, 25.7400, 37.7500, 22.3400, 359.9300
ATT: 2188, -100, 35917
GPS: 48444250, 1, 0, 51.4585270, -2.7899735, 0.0000, 25.9100, 37.7500, 22.3400, 359.9300
ATT: 2083, -172, 96
GPS: 48444500, 1, 0, 51.4585760, -2.7899673, 0.0000, 26.0800, 38.3300, 22.1700, 1.8800
ATT: 2033, -237, 245
GPS: 48444500, 1, 0, 51.4585760, -2.7899673, 0.0000, 26.3300, 38.3300, 22.1700, 1.8800
ATT: 2148, -277, 339
GPS: 48444500, 1, 0, 51.4585760, -2.7899673, 0.0000, 26.5000, 38.3300, 22.1700, 1.8800
ATT: 2251, -282, 379
GPS: 48444750, 1, 0, 51.4586260, -2.7899616, 0.0000, 26.7500, 38.8700, 22.1500, 3.1000
ATT: 2175, -246, 432
GPS: 48444750, 1, 0, 51.4586260, -2.7899616, 0.0000, 27.0000, 38.8700, 22.1500, 3.1000
ATT: 2109, -257, 529
GPS: 48445000, 1, 0, 51.4586720, -2.7899556, 0.0000, 27.2600, 39.2500, 22.0300, 4.8200
ATT: 2005, -263, 598
GPS: 48445000, 1, 0, 51.4586720, -2.7899556, 0.0000, 27.5100, 39.2500, 22.0300, 4.8200
ATT: 1953, -273, 659
GPS: 48445000, 1, 0, 51.4586720, -2.7899556, 0.0000, 27.6800, 39.2500, 22.0300, 4.8200
ATT: 1810, -252, 701
GPS: 48445250, 1, 0, 51.4587210, -2.7899451, 0.0000, 27.7700, 39.6000, 21.9000, 6.6000
ATT: 1581, -253, 737
GPS: 48445250, 1, 0, 51.4587210, -2.7899451, 0.0000, 27.9300, 39.6000, 21.9000, 6.6000
ATT: 1553, -251, 792
GPS: 48445500, 1, 0, 51.4587670, -2.7899320, 0.0000, 28.1000, 39.9900, 21.8200, 8.3900
ATT: 1622, -287, 771
GPS: 48445500, 1, 0, 51.4587670, -2.7899320, 0.0000, 28.2700, 39.9900, 21.8200, 8.3900
ATT: 1658, -328, 706
GPS: 48445500, 1, 0, 51.4587670, -2.7899320, 0.0000, 28.3600, 39.9900, 21.8200, 8.3900
ATT: 1607, -348, 670
GPS: 48445750, 1, 0, 51.4588200, -2.7899175, 0.0000, 28.4400, 40.4500, 21.6800, 10.1500
ATT: 1495, -354, 719
GPS: 48445750, 1, 0, 51.4588200, -2.7899175, 0.0000, 28.6100, 40.4500, 21.6800, 10.1500
ATT: 1254, -383, 833
GPS: 48446000, 1, 0, 51.4588620, -2.7899015, 0.0000, 28.7800, 40.9700, 21.6900, 11.6300
ATT: 1101, -422, 978
GPS: 48446000, 1, 0, 51.4588620, -2.7899015, 0.0000, 29.0300, 40.9700, 21.6900, 11.6300
ATT: 1025, -452, 1089
GPS: 48446000, 1, 0, 51.4588620, -2.7899015, 0.0000, 29.2000, 40.9700, 21.6900, 11.6300
ATT: 1269, -493, 1191
GPS: 48446250, 1, 0, 51.4589120, -2.7898836, 0.0000, 29.4600, 41.5200, 21.8800, 12.5600
ATT: 1423, -530, 1195
GPS: 48446250, 1, 0, 51.4589120, -2.7898836, 0.0000, 29.7100, 41.5200, 21.8800, 12.5600
ATT: 1431, -518, 1139
GPS: 48446500, 1, 0, 51.4589610, -2.7898660, 0.0000, 29.8800, 41.9200, 22.0300, 13.3400
ATT: 1353, -483, 1120
GPS: 48446500, 1, 0, 51.4589610, -2.7898660, 0.0000, 30.0500, 41.9200, 22.0300, 13.3400
ATT: 1154, -453, 1147
GPS: 48446500, 1, 0, 51.4589610, -2.7898660, 0.0000, 30.1300, 41.9200, 22.0300, 13.3400
ATT: 1029, -419, 1236
GPS: 48446750, 1, 0, 51.4590070, -2.7898469, 0.0000, 30.3000, 42.1900, 22.0600, 13.4400
ATT: 1045, -408, 1332
GPS: 48446750, 1, 0, 51.4590070, -2.7898469, 0.0000, 30.3900, 42.1900, 22.0600, 13.4400
ATT: 1060, -398, 1383
GPS: 48447000, 1, 0, 51.4590570, -2.7898271, 0.0000, 30.4700, 42.3900, 21.6300, 14.7700
ATT: 1121, -359, 1425
GPS: 48447000, 1, 0, 51.4590570, -2.7898271, 0.0000, 30.6400, 42.3900, 21.6300, 14.7700
ATT: 1210, -326, 1438
GPS: 48447000, 1, 0, 51.4590570, -2.7898271, 0.0000, 30.7300, 42.3900, 21.6300, 14.7700
ATT: 1233, -311, 1448
GPS: 48447250, 1, 0, 51.4591030, -2.7898059, 0.0000, 30.8100, 42.9500, 21.8700, 15.7700
ATT: 1273, -268, 1445
GPS: 48447250, 1, 0, 51.4591030, -2.7898059, 0.0000, 30.8900, 42.9500, 21.8700, 15.7700
ATT: 1324, -245, 1451
GPS: 48447500, 1, 0, 51.4591520, -2.7897832, 0.0000, 31.0600, 43.5500, 21.5600, 17.1700
ATT: 1296, -207, 1493
GPS: 48447500, 1, 0, 51.4591520, -2.7897832, 0.0000, 31.2300, 43.5500, 21.5600, 17.1700
ATT: 1233, -201, 1545
GPS: 48447500, 1, 0, 51.4591520, -2.7897832, 0.0000, 31.3200, 43.5500, 21.5600, 17.1700
ATT: 1179, -209, 1613
GPS: 48447750, 1, 0, 51.4591980, -2.7897592, 0.0000, 31.6600, 44.5300, 20.9900, 18.4400
ATT: 1078, -216, 1670
GPS: 48447750, 1, 0, 51.4591980, -2.7897592, 0.0000, 31.9900, 44.5300, 20.9900, 18.4400
ATT: 973, -223, 1711
GPS: 48448000, 1, 0, 51.4592400, -2.7897339, 0.0000, 32.3300, 45.6400, 20.7600, 19.5000
ATT: 751, -255, 1753
GPS: 48448000, 1, 0, 51.4592400, -2.7897339, 0.0000, 32.6700, 45.6400, 20.7600, 19.5000
PM:20019,1001,20,0,12,0,0,117,693,0, 
ATT: 613, -278, 1807
GPS: 48448000, 1, 0, 51.4592400, -2.7897339, 0.0000, 32.9200, 45.6400, 20.7600, 19.5000
ATT: 613, -328, 1886
GPS: 48448250, 1, 0, 51.4592860, -2.7897079, 0.0000, 33.2600, 46.6200, 20.6200, 20.4300
ATT: 634, -367, 1937
GPS: 48448250, 1, 0, 51.4592860, -2.7897079, 0.0000, 33.6900, 46.6200, 20.6200, 20.4300
ATT: 712, -403, 1947
GPS: 48448500, 1, 0, 51.4593320, -2.7896817, 0.0000, 34.1100, 47.6500, 20.7900, 20.6400
ATT: 729, -422, 1924
GPS: 48448500, 1, 0, 51.4593320, -2.7896817, 0.0000, 34.5300, 47.6500, 20.7900, 20.6400
ATT: 683, -442, 1893
GPS: 48448500, 1, 0, 51.4593320, -2.7896817, 0.0000, 34.8700, 47.6500, 20.7900, 20.6400
ATT: 841, -442, 1890
GPS: 48448750, 1, 0, 51.4593770, -2.7896552, 0.0000, 35.2100, 48.3900, 21.0600, 21.3700
ATT: 732, -450, 1912
GPS: 48448750, 1, 0, 51.4593770, -2.7896552, 0.0000, 35.6300, 48.3900, 21.0600, 21.3700
ATT: 632, -478, 2008
GPS: 48449000, 1, 0, 51.4594190, -2.7896280, 0.0000, 36.0600, 48.9700, 21.1000, 21.9200
ATT: 578, -504, 2092
GPS: 48449000, 1, 0, 51.4594190, -2.7896280, 0.0000, 36.3900, 48.9700, 21.1000, 21.9200
ATT: 514, -523, 2125
GPS: 48449000, 1, 0, 51.4594190, -2.7896280, 0.0000, 36.6500, 48.9700, 21.1000, 21.9200
ATT: 444, -556, 2122
GPS: 48449250, 1, 0, 51.4594610, -2.7895999, 0.0000, 36.9000, 49.4500, 21.1200, 21.9600
ATT: 292, -551, 2086
GPS: 48449250, 1, 0, 51.4594610, -2.7895999, 0.0000, 37.2400, 49.4500, 21.1200, 21.9600
ATT: 114, -562, 2051
GPS: 48449500, 1, 0, 51.4595070, -2.7895715, 0.0000, 37.4900, 49.9500, 21.3900, 22.3900
ATT: 142, -564, 2033
GPS: 48449500, 1, 0, 51.4595070, -2.7895715, 0.0000, 37.7500, 49.9500, 21.3900, 22.3900
ATT: 191, -551, 2040
GPS: 48449500, 1, 0, 51.4595070, -2.7895715, 0.0000, 38.0000, 49.9500, 21.3900, 22.3900
ATT: 235, -536, 2086
GPS: 48449750, 1, 0, 51.4595530, -2.7895424, 0.0000, 38.2600, 50.4500, 21.6100, 22.9300
ATT: 211, -530, 2122
GPS: 48449750, 1, 0, 51.4595530, -2.7895424, 0.0000, 38.4200, 50.4500, 21.6100, 22.9300
ATT: 147, -528, 2153
GPS: 48450000, 1, 0, 51.4595990, -2.7895131, 0.0000, 38.6800, 51.0000, 21.4500, 22.8400
ATT: 44, -515, 2244
GPS: 48450000, 1, 0, 51.4595990, -2.7895131, 0.0000, 38.9300, 51.0000, 21.4500, 22.8400
ATT: -102, -494, 2357
GPS: 48450000, 1, 0, 51.4595990, -2.7895131, 0.0000, 39.1000, 51.0000, 21.4500, 22.8400
ATT: 12, -489, 2425
GPS: 48450250, 1, 0, 51.4596440, -2.7894845, 0.0000, 39.3600, 51.6800, 21.3500, 22.7900
ATT: 402, -544, 2431
GPS: 48450250, 1, 0, 51.4596440, -2.7894845, 0.0000, 39.6100, 51.6800, 21.3500, 22.7900
ATT: 772, -549, 2380
GPS: 48450500, 1, 0, 51.4596900, -2.7894557, 0.0000, 39.8600, 52.4000, 21.1000, 22.2000
ATT: 819, -549, 2255
GPS: 48450500, 1, 0, 51.4596900, -2.7894557, 0.0000, 40.1200, 52.4000, 21.1000, 22.2000
ATT: 631, -531, 2161
GPS: 48450500, 1, 0, 51.4596900, -2.7894557, 0.0000, 40.2900, 52.4000, 21.1000, 22.2000
ATT: 473, -527, 2166
GPS: 48450750, 1, 0, 51.4597360, -2.7894285, 0.0000, 40.4600, 53.1300, 21.0700, 22.1600
ATT: 400, -511, 2209
GPS: 48450750, 1, 0, 51.4597360, -2.7894285, 0.0000, 40.7100, 53.1300, 21.0700, 22.1600
CMD:8,16,0,4000,514582528,-27872336, 
ATT: 425, -516, 2228
GPS: 48451000, 1, 0, 51.4597780, -2.7894001, 0.0000, 40.9700, 53.7500, 20.9900, 22.3200
ATT: 755, -486, 2293
GPS: 48451000, 1, 0, 51.4597780, -2.7894001, 0.0000, 41.2200, 53.7500, 20.9900, 22.3200
ATT: 1880, -565, 2551
GPS: 48451000, 1, 0, 51.4597780, -2.7894001, 0.0000, 41.3900, 53.7500, 20.9900, 22.3200
ATT: 3063, -659, 2748
GPS: 48451250, 1, 0, 51.4598200, -2.7893720, 0.0000, 41.5600, 54.3000, 20.8300, 22.6600
ATT: 3969, -628, 2843
GPS: 48451250, 1, 0, 51.4598200, -2.7893720, 0.0000, 41.8100, 54.3000, 20.8300, 22.6600
ATT: 4524, -504, 2917
GPS: 48451500, 1, 0, 51.4598660, -2.7893431, 0.0000, 42.0700, 54.9200, 20.5500, 22.3900
ATT: 4843, -409, 3020
GPS: 48451500, 1, 0, 51.4598660, -2.7893431, 0.0000, 42.4100, 54.9200, 20.5500, 22.3900
ATT: 4824, -365, 3200
GPS: 48451500, 1, 0, 51.4598660, -2.7893431, 0.0000, 42.6600, 54.9200, 20.5500, 22.3900
ATT: 4973, -439, 3444
GPS: 48451750, 1, 0, 51.4599080, -2.7893116, 0.0000, 42.9100, 55.3700, 20.5100, 26.2200
ATT: 5181, -530, 3687
GPS: 48451750, 1, 0, 51.4599080, -2.7893116, 0.0000, 43.2500, 55.3700, 20.5100, 26.2200
ATT: 5288, -570, 3900
GPS: 48452000, 1, 0, 51.4599460, -2.7892737, 0.0000, 43.5900, 55.7900, 19.7600, 31.6600
ATT: 5403, -612, 4120
GPS: 48452000, 1, 0, 51.4599460, -2.7892737, 0.0000, 43.9300, 55.7900, 19.7600, 31.6600
ATT: 5584, -615, 4304
GPS: 48452000, 1, 0, 51.4599460, -2.7892737, 0.0000, 44.1800, 55.7900, 19.7600, 31.6600
ATT: 5596, -597, 4499
GPS: 48452250, 1, 0, 51.4599760, -2.7892301, 0.0000, 44.3500, 56.0700, 19.3300, 38.0200
ATT: 5540, -613, 4744
GPS: 48452250, 1, 0, 51.4599760, -2.7892301, 0.0000, 44.5200, 56.0700, 19.3300, 38.0200
ATT: 5446, -652, 5002
GPS: 48452500, 1, 0, 51.4600070, -2.7891824, 0.0000, 44.6900, 56.0300, 18.5800, 44.6200
ATT: 5425, -731, 5294
GPS: 48452500, 1, 0, 51.4600070, -2.7891824, 0.0000, 44.9500, 56.0300, 18.5800, 44.6200
ATT: 5511, -825, 5576
GPS: 48452500, 1, 0, 51.4600070, -2.7891824, 0.0000, 45.1200, 56.0300, 18.5800, 44.6200
ATT: 5518, -865, 5848
GPS: 48452750, 1, 0, 51.4600330, -2.7891307, 0.0000, 45.2800, 55.9500, 18.2900, 51.3800
ATT: 5531, -868, 6117
GPS: 48452750, 1, 0, 51.4600330, -2.7891307, 0.0000, 45.3700, 55.9500, 18.2900, 51.3800
ATT: 5405, -868, 6400
GPS: 48453000, 1, 0, 51.4600490, -2.7890739, 0.0000, 45.4500, 55.6600, 18.4500, 58.9300
ATT: 5162, -897, 6713
GPS: 48453000, 1, 0, 51.4600490, -2.7890739, 0.0000, 45.5400, 55.6600, 18.4500, 58.9300
ATT: 5084, -894, 6994
GPS: 48453000, 1, 0, 51.4600490, -2.7890739, 0.0000, 45.5400, 55.6600, 18.4500, 58.9300
ATT: 5163, -873, 7268
GPS: 48453250, 1, 0, 51.4600600, -2.7890143, 0.0000, 45.5400, 55.1900, 18.0600, 68.5800
ATT: 5237, -875, 7552
GPS: 48453250, 1, 0, 51.4600600, -2.7890143, 0.0000, 45.5400, 55.1900, 18.0600, 68.5800
ATT: 5135, -867, 7848
GPS: 48453500, 1, 0, 51.4600640, -2.7889550, 0.0000, 45.4500, 54.6500, 17.1900, 78.2300
ATT: 5154, -878, 8187
GPS: 48453500, 1, 0, 51.4600640, -2.7889550, 0.0000, 45.3700, 54.6500, 17.1900, 78.2300
ATT: 5092, -916, 8502
GPS: 48453500, 1, 0, 51.4600640, -2.7889550, 0.0000, 45.2800, 54.6500, 17.1900, 78.2300
ATT: 5050, -949, 8859
GPS: 48453750, 1, 0, 51.4600600, -2.7888985, 0.0000, 45.1200, 53.9900, 17.4500, 87.6700
ATT: 5110, -975, 9232
GPS: 48453750, 1, 0, 51.4600600, -2.7888985, 0.0000, 44.8600, 53.9900, 17.4500, 87.6700
ATT: 5214, -1003, 9575
GPS: 48454000, 1, 0, 51.4600520, -2.7888432, 0.0000, 44.6100, 53.1200, 17.3300, 97.1200
ATT: 5292, -981, 9920
GPS: 48454000, 1, 0, 51.4600520, -2.7888432, 0.0000, 44.2700, 53.1200, 17.3300, 97.1200
ATT: 5262, -920, 10245
GPS: 48454000, 1, 0, 51.4600520, -2.7888432, 0.0000, 44.0100, 53.1200, 17.3300, 97.1200
ATT: 5205, -907, 10603
GPS: 48454250, 1, 0, 51.4600370, -2.7887907, 0.0000, 43.7600, 52.1000, 17.3400, 107.5800
ATT: 5131, -894, 11000
GPS: 48454250, 1, 0, 51.4600370, -2.7887907, 0.0000, 43.3400, 52.1000, 17.3400, 107.5800
ATT: 5008, -897, 11393
GPS: 48454500, 1, 0, 51.4600180, -2.7887437, 0.0000, 42.8300, 50.9000, 17.3300, 118.7400
ATT: 4860, -882, 11783
GPS: 48454500, 1, 0, 51.4600180, -2.7887437, 0.0000, 42.3200, 50.9000, 17.3300, 118.7400
ATT: 4543, -822, 12100
GPS: 48454500, 1, 0, 51.4600180, -2.7887437, 0.0000, 41.9800, 50.9000, 17.3300, 118.7400
ATT: 4149, -733, 12402
GPS: 48454750, 1, 0, 51.4599910, -2.7887051, 0.0000, 41.5600, 49.6800, 17.6000, 130.9100
ATT: 3803, -657, 12728
GPS: 48454750, 1, 0, 51.4599910, -2.7887051, 0.0000, 41.0500, 49.6800, 17.6000, 130.9100
ATT: 3638, -623, 13061
GPS: 48455000, 1, 0, 51.4599570, -2.7886753, 0.0000, 40.4600, 48.4000, 18.0100, 142.0000
ATT: 3326, -542, 13360
GPS: 48455000, 1, 0, 51.4599570, -2.7886753, 0.0000, 39.8600, 48.4000, 18.0100, 142.0000
ATT: 2737, -430, 13528
GPS: 48455000, 1, 0, 51.4599570, -2.7886753, 0.0000, 39.4400, 48.4000, 18.0100, 142.0000
ATT: 2347, -371, 13740
GPS: 48455250, 1, 0, 51.4599230, -2.7886531, 0.0000, 38.9300, 47.0000, 18.7400, 152.6700
ATT: 1907, -338, 13998
GPS: 48455250, 1, 0, 51.4599230, -2.7886531, 0.0000, 38.4200, 47.0000, 18.7400, 152.6700
ATT: 1595, -337, 14247
GPS: 48455500, 1, 0, 51.4598850, -2.7886369, 0.0000, 37.8300, 45.6900, 19.6400, 161.5600
ATT: 1236, -346, 14477
GPS: 48455500, 1, 0, 51.4598850, -2.7886369, 0.0000, 37.1500, 45.6900, 19.6400, 161.5600
ATT: 905, -358, 14666
GPS: 48455500, 1, 0, 51.4598850, -2.7886369, 0.0000, 36.6500, 45.6900, 19.6400, 161.5600
ATT: 737, -365, 14856
GPS: 48455750, 1, 0, 51.4598390, -2.7886248, 0.0000, 36.0600, 44.5200, 20.5000, 167.4100
ATT: 518, -364, 15029
GPS: 48455750, 1, 0, 51.4598390, -2.7886248, 0.0000, 35.3800, 44.5200, 20.5000, 167.4100
ATT: 187, -336, 15173
GPS: 48456000, 1, 0, 51.4597970, -2.7886136, 0.0000, 34.7000, 43.3700, 20.9700, 170.3400
ATT: -117, -325, 15315
GPS: 48456000, 1, 0, 51.4597970, -2.7886136, 0.0000, 34.0200, 43.3700, 20.9700, 170.3400
ATT: -374, -332, 15484
GPS: 48456000, 1, 0, 51.4597970, -2.7886136, 0.0000, 33.5200, 43.3700, 20.9700, 170.3400
ATT: -614, -355, 15640
GPS: 48456250, 1, 0, 51.4597510, -2.7886033, 0.0000, 32.9200, 42.1800, 21.7600, 172.7500
ATT: -788, -374, 15773
GPS: 48456250, 1, 0, 51.4597510, -2.7886033, 0.0000, 32.3300, 42.1800, 21.7600, 172.7500
ATT: -952, -384, 15870
GPS: 48456500, 1, 0, 51.4597050, -2.7885931, 0.0000, 31.6600, 41.0400, 21.8200, 173.2000
ATT: -1072, -385, 15948
GPS: 48456500, 1, 0, 51.4597050, -2.7885931, 0.0000, 31.0600, 41.0400, 21.8200, 173.2000
ATT: -1243, -379, 15990
GPS: 48456500, 1, 0, 51.4597050, -2.7885931, 0.0000, 30.6400, 41.0400, 21.8200, 173.2000
ATT: -1412, -373, 16039
GPS: 48456750, 1, 0, 51.4596560, -2.7885816, 0.0000, 30.1300, 40.0100, 21.9400, 172.9500
ATT: -1656, -392, 16070
GPS: 48456750, 1, 0, 51.4596560, -2.7885816, 0.0000, 29.6300, 40.0100, 21.9400, 172.9500
ATT: -1797, -406, 16098
GPS: 48457000, 1, 0, 51.4596060, -2.7885692, 0.0000, 29.1200, 39.0500, 22.4300, 172.3900
ATT: -1996, -417, 16119
GPS: 48457000, 1, 0, 51.4596060, -2.7885692, 0.0000, 28.7000, 39.0500, 22.4300, 172.3900
ATT: -2076, -403, 16147
GPS: 48457000, 1, 0, 51.4596060, -2.7885692, 0.0000, 28.3600, 39.0500, 22.4300, 172.3900
ATT: -2090, -384, 16152
GPS: 48457250, 1, 0, 51.4595570, -2.7885542, 0.0000, 28.0200, 38.2400, 22.3700, 170.9300
ATT: -2159, -334, 16137
GPS: 48457250, 1, 0, 51.4595570, -2.7885542, 0.0000, 27.6800, 38.2400, 22.3700, 170.9300
ATT: -2141, -293, 16136
GPS: 48457500, 1, 0, 51.4595110, -2.7885363, 0.0000, 27.3400, 37.4900, 22.4900, 169.1000
ATT: -2088, -283, 16102
GPS: 48457500, 1, 0, 51.4595110, -2.7885363, 0.0000, 27.0000, 37.4900, 22.4900, 169.1000
ATT: -2088, -297, 16035
GPS: 48457500, 1, 0, 51.4595110, -2.7885363, 0.0000, 26.7500, 37.4900, 22.4900, 169.1000
ATT: -2084, -310, 15971
GPS: 48457750, 1, 0, 51.4594570, -2.7885151, 0.0000, 26.5000, 36.8200, 23.0400, 166.5000
ATT: -2065, -309, 15929
GPS: 48457750, 1, 0, 51.4594570, -2.7885151, 0.0000, 26.2400, 36.8200, 23.0400, 166.5000
ATT: -2060, -275, 15914
GPS: 48458000, 1, 0, 51.4594120, -2.7884898, 0.0000, 25.9900, 36.5000, 22.9600, 164.1000
ATT: -1968, -244, 15904
GPS: 48458000, 1, 0, 51.4594120, -2.7884898, 0.0000, 25.7400, 36.5000, 22.9600, 164.1000
ATT: -1694, -239, 15864
GPS: 48458000, 1, 0, 51.4594120, -2.7884898, 0.0000, 25.4800, 36.5000, 22.9600, 164.1000
ATT: -1597, -251, 15794
GPS: 48458250, 1, 0, 51.4593620, -2.7884619, 0.0000, 25.3100, 36.1400, 22.8300, 161.4300
ATT: -1744, -232, 15711
GPS: 48458250, 1, 0, 51.4593620, -2.7884619, 0.0000, 25.1500, 36.1400, 22.8300, 161.4300
ATT: -1794, -215, 15701
GPS: 48458500, 1, 0, 51.4593160, -2.7884293, 0.0000, 24.9800, 36.0800, 22.5800, 159.0400
ATT: -1641, -208, 15678
GPS: 48458500, 1, 0, 51.4593160, -2.7884293, 0.0000, 24.8100, 36.0800, 22.5800, 159.0400
ATT: -1554, -219, 15615
GPS: 48458500, 1, 0, 51.4593160, -2.7884293, 0.0000, 24.7200, 36.0800, 22.5800, 159.0400
ATT: -1607, -223, 15550
GPS: 48458750, 1, 0, 51.4592670, -2.7883937, 0.0000, 24.6400, 36.1700, 22.4100, 157.0800
ATT: -1612, -194, 15475
GPS: 48458750, 1, 0, 51.4592670, -2.7883937, 0.0000, 24.5500, 36.1700, 22.4100, 157.0800
ATT: -1528, -169, 15430
GPS: 48459000, 1, 0, 51.4592210, -2.7883580, 0.0000, 24.4700, 36.2700, 22.4700, 155.4000
ATT: -1532, -161, 15376
GPS: 48459000, 1, 0, 51.4592210, -2.7883580, 0.0000, 24.3800, 36.2700, 22.4700, 155.4000
ATT: -1479, -169, 15345
GPS: 48459000, 1, 0, 51.4592210, -2.7883580, 0.0000, 24.3800, 36.2700, 22.4700, 155.4000
ATT: -1290, -162, 15318
GPS: 48459250, 1, 0, 51.4591790, -2.7883203, 0.0000, 24.3800, 36.5000, 22.4100, 153.6400
ATT: -1084, -203, 15272
GPS: 48459250, 1, 0, 51.4591790, -2.7883203, 0.0000, 24.3800, 36.5000, 22.4100, 153.6400
ATT: -1050, -255, 15191
GPS: 48459500, 1, 0, 51.4591330, -2.7882812, 0.0000, 24.3800, 36.9400, 22.3000, 151.8100
ATT: -1001, -282, 15107
GPS: 48459500, 1, 0, 51.4591330, -2.7882812, 0.0000, 24.3800, 36.9400, 22.3000, 151.8100
ATT: -993, -298, 15058
GPS: 48459500, 1, 0, 51.4591330, -2.7882812, 0.0000, 24.3800, 36.9400, 22.3000, 151.8100
ATT: -1031, -314, 15032
GPS: 48459750, 1, 0, 51.4590870, -2.7882409, 0.0000, 24.4700, 37.4300, 21.8300, 149.8100
ATT: -961, -325, 15030
GPS: 48459750, 1, 0, 51.4590870, -2.7882409, 0.0000, 24.5500, 37.4300, 21.8300, 149.8100
ATT: -921, -345, 14983
GPS: 48460000, 1, 0, 51.4590450, -2.7881992, 0.0000, 24.7200, 37.7700, 22.0500, 148.9000
ATT: -966, -366, 14905
GPS: 48460000, 1, 0, 51.4590450, -2.7881992, 0.0000, 24.8900, 37.7700, 22.0500, 148.9000
ATT: -817, -380, 14838
GPS: 48460000, 1, 0, 51.4590450, -2.7881992, 0.0000, 24.9800, 37.7700, 22.0500, 148.9000
ATT: -932, -389, 14747
GPS: 48460250, 1, 0, 51.4590030, -2.7881577, 0.0000, 25.0600, 38.1800, 21.4500, 147.7600
ATT: -1021, -413, 14725
GPS: 48460250, 1, 0, 51.4590030, -2.7881577, 0.0000, 25.2300, 38.1800, 21.4500, 147.7600
ATT: -983, -418, 14761
GPS: 48460500, 1, 0, 51.4589610, -2.7881165, 0.0000, 25.4000, 38.5000, 21.6000, 147.0000
ATT: -870, -411, 14785
GPS: 48460500, 1, 0, 51.4589610, -2.7881165, 0.0000, 25.6500, 38.5000, 21.6000, 147.0000
ATT: -770, -433, 14759
GPS: 48460500, 1, 0, 51.4589610, -2.7881165, 0.0000, 25.8200, 38.5000, 21.6000, 147.0000
ATT: -663, -460, 14705
GPS: 48460750, 1, 0, 51.4589230, -2.7880747, 0.0000, 25.9100, 38.9600, 21.4100, 145.9200
ATT: -599, -440, 14654
GPS: 48460750, 1, 0, 51.4589230, -2.7880747, 0.0000, 26.0800, 38.9600, 21.4100, 145.9200
ATT: -619, -438, 14591
GPS: 48461000, 1, 0, 51.4588810, -2.7880304, 0.0000, 26.1600, 39.3400, 21.5700, 144.7500
ATT: -610, -440, 14536
GPS: 48461000, 1, 0, 51.4588810, -2.7880304, 0.0000, 26.2400, 39.3400, 21.5700, 144.7500
ATT: -635, -454, 14519
GPS: 48461000, 1, 0, 51.4588810, -2.7880304, 0.0000, 26.3300, 39.3400, 21.5700, 144.7500
ATT: -626, -446, 14529
GPS: 48461250, 1, 0, 51.4588430, -2.7879865, 0.0000, 26.5000, 39.6600, 21.4800, 144.4700
ATT: -574, -433, 14526
GPS: 48461250, 1, 0, 51.4588430, -2.7879865, 0.0000, 26.6700, 39.6600, 21.4800, 144.4700
ATT: -526, -429, 14481
GPS: 48461500, 1, 0, 51.4588050, -2.7879417, 0.0000, 26.7500, 40.0700, 21.0700, 143.3700
ATT: -489, -409, 14428
GPS: 48461500, 1, 0, 51.4588050, -2.7879417, 0.0000, 26.9200, 40.0700, 21.0700, 143.3700
ATT: -426, -382, 14370
GPS: 48461500, 1, 0, 51.4588050, -2.7879417, 0.0000, 27.0000, 40.0700, 21.0700, 143.3700
ATT: -506, -384, 14278
GPS: 48461750, 1, 0, 51.4587670, -2.7878952, 0.0000, 27.1700, 40.5000, 20.8700, 141.5900
ATT: -597, -392, 14226
GPS: 48461750, 1, 0, 51.4587670, -2.7878952, 0.0000, 27.3400, 40.5000, 20.8700, 141.5900
ATT: -522, -376, 14221
GPS: 48462000, 1, 0, 51.4587330, -2.7878480, 0.0000, 27.6000, 40.8200, 20.7200, 141.3700
ATT: -388, -380, 14219
GPS: 48462000, 1, 0, 51.4587330, -2.7878480, 0.0000, 27.8500, 40.8200, 20.7200, 141.3700
ATT: -214, -397, 14206
GPS: 48462000, 1, 0, 51.4587330, -2.7878480, 0.0000, 28.0200, 40.8200, 20.7200, 141.3700
ATT: -48, -401, 14190
GPS: 48462250, 1, 0, 51.4586980, -2.7878008, 0.0000, 28.1900, 41.3300, 20.5100, 140.3500
ATT: 223, -404, 14190
GPS: 48462250, 1, 0, 51.4586980, -2.7878008, 0.0000, 28.3600, 41.3300, 20.5100, 140.3500
ATT: 349, -401, 14142
GPS: 48462500, 1, 0, 51.4586640, -2.7877519, 0.0000, 28.6100, 41.9100, 20.1700, 139.0200
ATT: 273, -408, 14079
GPS: 48462500, 1, 0, 51.4586640, -2.7877519, 0.0000, 28.8600, 41.9100, 20.1700, 139.0200
ATT: 204, -427, 14022
GPS: 48462500, 1, 0, 51.4586640, -2.7877519, 0.0000, 29.0300, 41.9100, 20.1700, 139.0200
ATT: 202, -453, 13976
GPS: 48462750, 1, 0, 51.4586260, -2.7877033, 0.0000, 29.2000, 42.3100, 20.4100, 138.5800
ATT: 185, -476, 13954
GPS: 48462750, 1, 0, 51.4586260, -2.7877033, 0.0000, 29.4600, 42.3100, 20.4100, 138.5800
ATT: 241, -488, 13981
GPS: 48463000, 1, 0, 51.4585910, -2.7876539, 0.0000, 29.7100, 42.9900, 20.3800, 138.8500
ATT: 333, -509, 13999
GPS: 48463000, 1, 0, 51.4585910, -2.7876539, 0.0000, 29.9600, 42.9900, 20.3800, 138.8500
ATT: 468, -532, 13960
GPS: 48463000, 1, 0, 51.4585910, -2.7876539, 0.0000, 30.1300, 42.9900, 20.3800, 138.8500
ATT: 510, -539, 13904
GPS: 48463250, 1, 0, 51.4585610, -2.7876060, 0.0000, 30.3900, 43.7300, 20.1400, 138.2800
ATT: 436, -521, 13873
GPS: 48463250, 1, 0, 51.4585610, -2.7876060, 0.0000, 30.6400, 43.7300, 20.1400, 138.2800
ATT: 367, -517, 13865
GPS: 48463500, 1, 0, 51.4585270, -2.7875578, 0.0000, 30.9800, 44.3800, 20.3800, 138.5900
ATT: 341, -526, 13861
GPS: 48463500, 1, 0, 51.4585270, -2.7875578, 0.0000, 31.3200, 44.3800, 20.3800, 138.5900
ATT: 320, -526, 13848
GPS: 48463500, 1, 0, 51.4585270, -2.7875578, 0.0000, 31.5700, 44.3800, 20.3800, 138.5900
ATT: 245, -524, 13825
GPS: 48463750, 1, 0, 51.4584850, -2.7875099, 0.0000, 31.8200, 45.1000, 20.7100, 139.1200
ATT: 183, -521, 13827
GPS: 48463750, 1, 0, 51.4584850, -2.7875099, 0.0000, 32.1600, 45.1000, 20.7100, 139.1200
CMD:9,16,0,4000,514591488,-27924156, 
ATT: 172, -546, 13868
GPS: 48464000, 1, 0, 51.4584500, -2.7874615, 0.0000, 32.4200, 45.8500, 20.6500, 139.1300
ATT: 502, -552, 13973
GPS: 48464000, 1, 0, 51.4584500, -2.7874615, 0.0000, 32.6700, 45.8500, 20.6500, 139.1300
ATT: 1677, -615, 14262
GPS: 48464000, 1, 0, 51.4584500, -2.7874615, 0.0000, 32.9200, 45.8500, 20.6500, 139.1300
ATT: 2957, -711, 14462
GPS: 48464250, 1, 0, 51.4584160, -2.7874136, 0.0000, 33.1800, 46.5500, 20.3400, 138.9700
ATT: 3930, -654, 14540
GPS: 48464250, 1, 0, 51.4584160, -2.7874136, 0.0000, 33.4300, 46.5500, 20.3400, 138.9700
ATT: 4586, -514, 14599
GPS: 48464500, 1, 0, 51.4583820, -2.7873645, 0.0000, 33.7700, 47.1600, 20.6900, 139.2200
ATT: 4942, -388, 14697
GPS: 48464500, 1, 0, 51.4583820, -2.7873645, 0.0000, 34.1100, 47.1600, 20.6900, 139.2200
ATT: 5245, -297, 14856
GPS: 48464500, 1, 0, 51.4583820, -2.7873645, 0.0000, 34.3600, 47.1600, 20.6900, 139.2200
ATT: 5304, -246, 15020
GPS: 48464750, 1, 0, 51.4583470, -2.7873192, 0.0000, 34.6200, 47.6500, 21.0900, 142.7300
ATT: 5320, -256, 15233
GPS: 48464750, 1, 0, 51.4583470, -2.7873192, 0.0000, 34.8700, 47.6500, 21.0900, 142.7300
ATT: 5416, -327, 15484
GPS: 48465000, 1, 0, 51.4583050, -2.7872803, 0.0000, 35.1200, 48.0100, 21.3600, 149.1100
ATT: 5536, -380, 15738
GPS: 48465000, 1, 0, 51.4583050, -2.7872803, 0.0000, 35.4600, 48.0100, 21.3600, 149.1100
ATT: 5482, -369, 15926
GPS: 48465000, 1, 0, 51.4583050, -2.7872803, 0.0000, 35.7200, 48.0100, 21.3600, 149.1100
ATT: 5453, -375, 16146
GPS: 48465250, 1, 0, 51.4582630, -2.7872505, 0.0000, 35.9700, 48.2800, 21.2000, 155.2700
ATT: 5450, -443, 16404
GPS: 48465250, 1, 0, 51.4582630, -2.7872505, 0.0000, 36.2200, 48.2800, 21.2000, 155.2700
ATT: 5495, -501, 16681
GPS: 48465500, 1, 0, 51.4582180, -2.7872305, 0.0000, 36.4800, 48.5100, 21.6800, 163.5800
ATT: 5480, -534, 16965
GPS: 48465500, 1, 0, 51.4582180, -2.7872305, 0.0000, 36.7300, 48.5100, 21.6800, 163.5800
ATT: 5540, -563, 17224
GPS: 48465500, 1, 0, 51.4582180, -2.7872305, 0.0000, 36.9000, 48.5100, 21.6800, 163.5800
ATT: 5599, -577, 17477
GPS: 48465750, 1, 0, 51.4581680, -2.7872207, 0.0000, 37.0700, 48.5500, 22.5900, 171.4300
ATT: 5660, -582, 17745
GPS: 48465750, 1, 0, 51.4581680, -2.7872207, 0.0000, 37.2400, 48.5500, 22.5900, 171.4300
ATT: 5611, -568, 18011
GPS: 48466000, 1, 0, 51.4581180, -2.7872198, 0.0000, 37.4100, 48.6800, 22.8700, 180.0300
ATT: 5656, -563, 18311
GPS: 48466000, 1, 0, 51.4581180, -2.7872198, 0.0000, 37.4900, 48.6800, 22.8700, 180.0300
ATT: 5542, -534, 18562
GPS: 48466000, 1, 0, 51.4581180, -2.7872198, 0.0000, 37.5800, 48.6800, 22.8700, 180.0300
ATT: 5467, -518, 18835
GPS: 48466250, 1, 0, 51.4580690, -2.7872310, 0.0000, 37.5800, 48.5800, 23.5300, 187.9200
ATT: 5494, -534, 19164
GPS: 48466250, 1, 0, 51.4580690, -2.7872310, 0.0000, 37.5800, 48.5800, 23.5300, 187.9200
ATT: 5440, -557, 19480
GPS: 48466500, 1, 0, 51.4580150, -2.7872531, 0.0000, 37.5800, 48.1700, 24.1300, 195.1700
ATT: 5351, -556, 19799
GPS: 48466500, 1, 0, 51.4580150, -2.7872531, 0.0000, 37.4900, 48.1700, 24.1300, 195.1700
ATT: 5182, -526, 20064
GPS: 48466500, 1, 0, 51.4580150, -2.7872531, 0.0000, 37.4900, 48.1700, 24.1300, 195.1700
ATT: 4978, -478, 20295
GPS: 48466750, 1, 0, 51.4579700, -2.7872875, 0.0000, 37.2400, 47.6400, 24.3400, 203.8900
ATT: 5009, -481, 20566
GPS: 48466750, 1, 0, 51.4579700, -2.7872875, 0.0000, 36.9900, 47.6400, 24.3400, 203.8900
ATT: 5133, -475, 20843
GPS: 48467000, 1, 0, 51.4579200, -2.7873323, 0.0000, 36.8200, 47.2100, 25.1900, 211.2100
ATT: 5146, -467, 21136
GPS: 48467000, 1, 0, 51.4579200, -2.7873323, 0.0000, 36.6500, 47.2100, 25.1900, 211.2100
ATT: 5201, -499, 21437
GPS: 48467250, 1, 0, 51.4578780, -2.7873881, 0.0000, 36.4800, 46.6600, 25.1900, 211.2100
ATT: 5361, -546, 21767
GPS: 48467250, 1, 0, 51.4578780, -2.7873881, 0.0000, 36.3100, 46.6600, 26.0100, 218.6000
ATT: 5501, -592, 22090
GPS: 48467250, 1, 0, 51.4578780, -2.7873881, 0.0000, 36.1400, 46.6600, 26.0100, 218.6000
ATT: 5649, -604, 22395
GPS: 48467500, 1, 0, 51.4578400, -2.7874539, 0.0000, 35.8900, 45.9500, 26.2900, 226.3500
ATT: 5715, -594, 22708
GPS: 48467500, 1, 0, 51.4578400, -2.7874539, 0.0000, 35.6300, 45.9500, 26.2900, 226.3500
ATT: 5665, -622, 23037
GPS: 48467500, 1, 0, 51.4578400, -2.7874539, 0.0000, 35.3800, 45.9500, 26.2900, 226.3500
ATT: 5579, -670, 23363
GPS: 48467750, 1, 0, 51.4578060, -2.7875259, 0.0000, 35.1200, 45.2100, 26.7300, 232.8900
ATT: 5509, -709, 23703
GPS: 48467750, 1, 0, 51.4578060, -2.7875259, 0.0000, 34.7900, 45.2100, 26.7300, 232.8900
ATT: 5483, -751, 24029
GPS: 48468000, 1, 0, 51.4577750, -2.7876055, 0.0000, 34.4500, 44.1900, 27.1300, 239.5300
ATT: 5440, -736, 24332
GPS: 48468000, 1, 0, 51.4577750, -2.7876055, 0.0000, 34.0200, 44.1900, 27.1300, 239.5300
PM:20018,1001,20,0,1,0,0,107,1000,0, 
ATT: 5374, -708, 24623
GPS: 48468250, 1, 0, 51.4577520, -2.7876935, 0.0000, 33.7700, 43.0000, 27.1300, 239.5300
ATT: 5292, -711, 24933
GPS: 48468250, 1, 0, 51.4577520, -2.7876935, 0.0000, 33.3500, 43.0000, 27.3900, 244.9200
ATT: 5230, -721, 25257
GPS: 48468250, 1, 0, 51.4577520, -2.7876935, 0.0000, 32.8400, 43.0000, 27.3900, 244.9200
ATT: 5241, -706, 25555
GPS: 48468500, 1, 0, 51.4577330, -2.7877824, 0.0000, 32.3300, 41.7900, 27.2700, 252.1500
ATT: 4947, -637, 25830
GPS: 48468500, 1, 0, 51.4577330, -2.7877824, 0.0000, 31.8200, 41.7900, 27.2700, 252.1500
ATT: 4915, -549, 26040
GPS: 48468500, 1, 0, 51.4577330, -2.7877824, 0.0000, 31.4900, 41.7900, 27.2700, 252.1500
ATT: 4948, -442, 26232
GPS: 48468750, 1, 0, 51.4577220, -2.7878752, 0.0000, 31.0600, 40.6400, 27.6500, 258.8800
ATT: 4993, -393, 26460
GPS: 48468750, 1, 0, 51.4577220, -2.7878752, 0.0000, 30.5600, 40.6400, 27.6500, 258.8800
ATT: 5010, -356, 26686
GPS: 48469000, 1, 0, 51.4577220, -2.7879636, 0.0000, 30.0500, 39.8400, 27.4000, 266.2500
ATT: 5050, -336, 26949
GPS: 48469000, 1, 0, 51.4577220, -2.7879636, 0.0000, 29.5400, 39.8400, 27.4000, 266.2500
ATT: 4941, -317, 27209
GPS: 48469250, 1, 0, 51.4577290, -2.7880538, 0.0000, 29.1200, 39.0000, 27.4000, 266.2500
ATT: 4902, -291, 27449
GPS: 48469250, 1, 0, 51.4577290, -2.7880538, 0.0000, 28.7000, 39.0000, 27.7400, 273.0100
ATT: 4652, -244, 27676
GPS: 48469250, 1, 0, 51.4577290, -2.7880538, 0.0000, 28.2700, 39.0000, 27.7400, 273.0100
ATT: 4556, -197, 27934
GPS: 48469500, 1, 0, 51.4577410, -2.7881436, 0.0000, 27.7700, 38.2100, 27.6900, 279.7900
ATT: 4315, -149, 28157
GPS: 48469500, 1, 0, 51.4577410, -2.7881436, 0.0000, 27.3400, 38.2100, 27.6900, 279.7900
ATT: 4053, -121, 28342
GPS: 48469500, 1, 0, 51.4577410, -2.7881436, 0.0000, 27.0000, 38.2100, 27.6900, 279.7900
ATT: 3779, -101, 28510
GPS: 48469750, 1, 0, 51.4577560, -2.7882323, 0.0000, 26.6700, 37.3200, 27.3700, 286.2400
ATT: 3359, -78, 28686
GPS: 48469750, 1, 0, 51.4577560, -2.7882323, 0.0000, 26.3300, 37.3200, 27.3700, 286.2400
ATT: 3044, -70, 28884
GPS: 48470000, 1, 0, 51.4577790, -2.7883160, 0.0000, 25.9100, 36.6200, 27.0200, 293.2000
ATT: 2787, -67, 29082
GPS: 48470000, 1, 0, 51.4577790, -2.7883160, 0.0000, 25.5700, 36.6200, 27.0200, 293.2000
ATT: 2608, -70, 29204
GPS: 48470250, 1, 0, 51.4578090, -2.7883968, 0.0000, 25.3100, 35.8800, 27.0200, 293.2000
ATT: 2345, -60, 29310
GPS: 48470250, 1, 0, 51.4578090, -2.7883968, 0.0000, 25.0600, 35.8800, 26.5600, 299.1200
ATT: 1916, -18, 29408
GPS: 48470250, 1, 0, 51.4578090, -2.7883968, 0.0000, 24.7200, 35.8800, 26.5600, 299.1200
ATT: 1490, 0, 29507
GPS: 48470500, 1, 0, 51.4578360, -2.7884734, 0.0000, 24.4700, 35.5000, 26.3200, 302.8900
ATT: 1532, -35, 29619
GPS: 48470500, 1, 0, 51.4578360, -2.7884734, 0.0000, 24.3000, 35.5000, 26.3200, 302.8900
ATT: 1110, -44, 29745
GPS: 48470500, 1, 0, 51.4578360, -2.7884734, 0.0000, 24.2100, 35.5000, 26.3200, 302.8900
ATT: 811, -74, 29932
GPS: 48470750, 1, 0, 51.4578670, -2.7885485, 0.0000, 24.1300, 35.2800, 25.9500, 305.7600
ATT: 849, -117, 30125
GPS: 48470750, 1, 0, 51.4578670, -2.7885485, 0.0000, 24.1300, 35.2800, 25.9500, 305.7600
ATT: 854, -169, 30220
GPS: 48471000, 1, 0, 51.4578970, -2.7886207, 0.0000, 24.1300, 35.0000, 25.7700, 306.9100
ATT: 828, -183, 30225
GPS: 48471000, 1, 0, 51.4578970, -2.7886207, 0.0000, 24.2100, 35.0000, 25.7700, 306.9100
ATT: 836, -207, 30183
GPS: 48471250, 1, 0, 51.4579280, -2.7886932, 0.0000, 24.3000, 34.7000, 25.7700, 306.9100
ATT: 627, -218, 30166
GPS: 48471250, 1, 0, 51.4579280, -2.7886932, 0.0000, 24.3800, 34.7000, 25.2300, 307.4200
ATT: 488, -257, 30221
GPS: 48471250, 1, 0, 51.4579280, -2.7886932, 0.0000, 24.5500, 34.7000, 25.2300, 307.4200
ATT: 445, -291, 30277
GPS: 48471500, 1, 0, 51.4579620, -2.7887654, 0.0000, 24.6400, 34.5600, 25.4200, 308.0900
ATT: 302, -322, 30320
GPS: 48471500, 1, 0, 51.4579620, -2.7887654, 0.0000, 24.8100, 34.5600, 25.4200, 308.0900
ATT: 178, -369, 30364
GPS: 48471500, 1, 0, 51.4579620, -2.7887654, 0.0000, 24.8900, 34.5600, 25.4200, 308.0900
ATT: 88, -403, 30409
GPS: 48471750, 1, 0, 51.4579930, -2.7888377, 0.0000, 24.9800, 34.3700, 25.1700, 308.6200
ATT: 128, -417, 30449
GPS: 48471750, 1, 0, 51.4579930, -2.7888377, 0.0000, 25.0600, 34.3700, 25.1700, 308.6200
ATT: 175, -424, 30452
GPS: 48472000, 1, 0, 51.4580310, -2.7889075, 0.0000, 25.0600, 34.2800, 24.9600, 309.3800
ATT: 120, -423, 30448
GPS: 48472000, 1, 0, 51.4580310, -2.7889075, 0.0000, 25.0600, 34.2800, 24.9600, 309.3800
ATT: -3, -423, 30462
GPS: 48472250, 1, 0, 51.4580690, -2.7889824, 0.0000, 25.0600, 34.0800, 24.9600, 309.3800
ATT: -83, -429, 30474
GPS: 48472250, 1, 0, 51.4580690, -2.7889824, 0.0000, 25.0600, 34.0800, 25.5000, 308.9100
ATT: -167, -453, 30499
GPS: 48472250, 1, 0, 51.4580690, -2.7889824, 0.0000, 25.0600, 34.0800, 25.5000, 308.9100
ATT: -113, -460, 30538
GPS: 48472500, 1, 0, 51.4581070, -2.7890544, 0.0000, 24.9800, 34.2800, 25.5300, 308.9200
ATT: -98, -471, 30573
GPS: 48472500, 1, 0, 51.4581070, -2.7890544, 0.0000, 24.8900, 34.2800, 25.5300, 308.9200
ATT: -246, -494, 30570
GPS: 48472500, 1, 0, 51.4581070, -2.7890544, 0.0000, 24.8900, 34.2800, 25.5300, 308.9200
ATT: -470, -502, 30546
GPS: 48472750, 1, 0, 51.4581410, -2.7891276, 0.0000, 24.8900, 34.5600, 25.3500, 308.7500
ATT: -508, -487, 30534
GPS: 48472750, 1, 0, 51.4581410, -2.7891276, 0.0000, 24.8900, 34.5600, 25.3500, 308.7500
ATT: -472, -490, 30536
GPS: 48473000, 1, 0, 51.4581720, -2.7892025, 0.0000, 24.8900, 34.6700, 25.1100, 308.0900
ATT: -437, -500, 30547
GPS: 48473000, 1, 0, 51.4581720, -2.7892025, 0.0000, 24.9800, 34.6700, 25.1100, 308.0900
ATT: -359, -499, 30545
GPS: 48473000, 1, 0, 51.4581720, -2.7892025, 0.0000, 24.9800, 34.6700, 25.1100, 308.0900
ATT: -340, -508, 30531
GPS: 48473250, 1, 0, 51.4582060, -2.7892747, 0.0000, 25.0600, 34.9400, 24.4200, 307.1800
ATT: -253, -512, 30509
GPS: 48473250, 1, 0, 51.4582060, -2.7892747, 0.0000, 25.2300, 34.9400, 24.4200, 307.1800
ATT: -154, -515, 30473
GPS: 48473500, 1, 0, 51.4582330, -2.7893460, 0.0000, 25.4000, 35.2400, 24.2300, 306.4500
ATT: -155, -523, 30449
GPS: 48473500, 1, 0, 51.4582330, -2.7893460, 0.0000, 25.5700, 35.2400, 24.2300, 306.4500
ATT: -62, -527, 30447
GPS: 48473500, 1, 0, 51.4582330, -2.7893460, 0.0000, 25.6500, 35.2400, 24.2300, 306.4500
ATT: 6, -528, 30431
GPS: 48473750, 1, 0, 51.4582670, -2.7894170, 0.0000, 25.8200, 35.5100, 24.0800, 306.2000
ATT: 15, -527, 30415
GPS: 48473750, 1, 0, 51.4582670, -2.7894170, 0.0000, 25.9900, 35.5100, 24.0800, 306.2000
ATT: -75, -526, 30408
GPS: 48474000, 1, 0, 51.4582980, -2.7894900, 0.0000, 26.1600, 35.7200, 24.2200, 305.5700
ATT: -161, -521, 30409
GPS: 48474000, 1, 0, 51.4582980, -2.7894900, 0.0000, 26.3300, 35.7200, 24.2200, 305.5700
ATT: -128, -515, 30423
GPS: 48474000, 1, 0, 51.4582980, -2.7894900, 0.0000, 26.5000, 35.7200, 24.2200, 305.5700
ATT: 21, -519, 30445
GPS: 48474250, 1, 0, 51.4583280, -2.7895603, 0.0000, 26.6700, 36.0900, 24.1400, 305.2500
ATT: 163, -515, 30441
GPS: 48474250, 1, 0, 51.4583280, -2.7895603, 0.0000, 26.8400, 36.0900, 24.1400, 305.2500
ATT: 243, -517, 30416
GPS: 48474500, 1, 0, 51.4583590, -2.7896323, 0.0000, 27.0000, 36.4800, 24.1400, 304.8900
ATT: 283, -523, 30417
GPS: 48474500, 1, 0, 51.4583590, -2.7896323, 0.0000, 27.1700, 36.4800, 24.1400, 304.8900
ATT: 237, -539, 30417
GPS: 48474500, 1, 0, 51.4583590, -2.7896323, 0.0000, 27.3400, 36.4800, 24.1400, 304.8900
ATT: 274, -528, 30432
GPS: 48474750, 1, 0, 51.4583890, -2.7897072, 0.0000, 27.5100, 36.8900, 24.2200, 304.7100
ATT: 251, -516, 30428
GPS: 48474750, 1, 0, 51.4583890, -2.7897072, 0.0000, 27.6800, 36.8900, 24.2200, 304.7100
ATT: 126, -514, 30420
GPS: 48475000, 1, 0, 51.4584240, -2.7897768, 0.0000, 27.8500, 37.4500, 23.9200, 304.5400
ATT: -12, -504, 30421
GPS: 48475000, 1, 0, 51.4584240, -2.7897768, 0.0000, 28.1000, 37.4500, 23.9200, 304.5400
ATT: -166, -498, 30426
GPS: 48475000, 1, 0, 51.4584240, -2.7897768, 0.0000, 28.2700, 37.4500, 23.9200, 304.5400
ATT: -234, -500, 30479
GPS: 48475250, 1, 0, 51.4584500, -2.7898471, 0.0000, 28.4400, 37.8300, 23.7800, 304.5100
ATT: -234, -511, 30548
GPS: 48475250, 1, 0, 51.4584500, -2.7898471, 0.0000, 28.7000, 37.8300, 23.7800, 304.5100
ATT: -100, -522, 30600
GPS: 48475500, 1, 0, 51.4584850, -2.7899191, 0.0000, 28.9500, 38.4000, 23.6900, 304.3100
ATT: 25, -554, 30585
GPS: 48475500, 1, 0, 51.4584850, -2.7899191, 0.0000, 29.2000, 38.4000, 23.6900, 304.3100
ATT: 239, -577, 30487
GPS: 48475500, 1, 0, 51.4584850, -2.7899191, 0.0000, 29.3700, 38.4000, 23.6900, 304.3100
ATT: 405, -579, 30316
GPS: 48475750, 1, 0, 51.4585110, -2.7899899, 0.0000, 29.5400, 39.1500, 23.6200, 303.6800
ATT: 321, -566, 30171
GPS: 48475750, 1, 0, 51.4585110, -2.7899899, 0.0000, 29.7900, 39.1500, 23.6200, 303.6800
ATT: 53, -554, 30128
GPS: 48476000, 1, 0, 51.4585420, -2.7900617, 0.0000, 30.0500, 39.6100, 23.6500, 303.8800
ATT: -182, -565, 30220
GPS: 48476000, 1, 0, 51.4585420, -2.7900617, 0.0000, 30.3000, 39.6100, 23.6500, 303.8800
ATT: -194, -585, 30335
GPS: 48476000, 1, 0, 51.4585420, -2.7900617, 0.0000, 30.4700, 39.6100, 23.6500, 303.8800
ATT: 5, -606, 30391
GPS: 48476250, 1, 0, 51.4585690, -2.7901316, 0.0000, 30.6400, 40.0300, 23.6000, 303.7000
ATT: -36, -613, 30334
GPS: 48476250, 1, 0, 51.4585690, -2.7901316, 0.0000, 30.8100, 40.0300, 23.6000, 303.7000
ATT: -201, -637, 30292
GPS: 48476500, 1, 0, 51.4586030, -2.7902024, 0.0000, 31.0600, 40.3800, 23.7400, 303.4300
ATT: -228, -637, 30313
GPS: 48476500, 1, 0, 51.4586030, -2.7902024, 0.0000, 31.2300, 40.3800, 23.7400, 303.4300
ATT: -263, -633, 30273
GPS: 48476500, 1, 0, 51.4586030, -2.7902024, 0.0000, 31.4000, 40.3800, 23.7400, 303.4300
ATT: -241, -647, 30252
GPS: 48476750, 1, 0, 51.4586300, -2.7902734, 0.0000, 31.4900, 40.6600, 23.6100, 302.9100
ATT: -323, -654, 30220
GPS: 48476750, 1, 0, 51.4586300, -2.7902734, 0.0000, 31.5700, 40.6600, 23.6100, 302.9100
ATT: -307, -681, 30182
GPS: 48477000, 1, 0, 51.4586600, -2.7903471, 0.0000, 31.7400, 40.9600, 24.0300, 302.8900
ATT: -256, -671, 30178
GPS: 48477000, 1, 0, 51.4586600, -2.7903471, 0.0000, 31.9100, 40.9600, 24.0300, 302.8900
ATT: -460, -655, 30171
GPS: 48477000, 1, 0, 51.4586600, -2.7903471, 0.0000, 32.0800, 40.9600, 24.0300, 302.8900
ATT: -494, -666, 30174
GPS: 48477250, 1, 0, 51.4586910, -2.7904203, 0.0000, 32.2500, 41.3700, 24.0000, 302.4100
ATT: -495, -677, 30141
GPS: 48477250, 1, 0, 51.4586910, -2.7904203, 0.0000, 32.4200, 41.3700, 24.0000, 302.4100
ATT: -409, -668, 30096
GPS: 48477500, 1, 0, 51.4587210, -2.7904949, 0.0000, 32.6700, 41.7800, 24.4100, 301.9000
ATT: -746, -661, 30011
GPS: 48477500, 1, 0, 51.4587210, -2.7904949, 0.0000, 32.9200, 41.7800, 24.4100, 301.9000
ATT: -843, -682, 30003
GPS: 48477500, 1, 0, 51.4587210, -2.7904949, 0.0000, 33.0900, 41.7800, 24.4100, 301.9000
ATT: -699, -702, 30013
GPS: 48477750, 1, 0, 51.4587480, -2.7905736, 0.0000, 33.2600, 42.2200, 24.5600, 300.9300
ATT: -629, -710, 29990
GPS: 48477750, 1, 0, 51.4587480, -2.7905736, 0.0000, 33.4300, 42.2200, 24.5600, 300.9300
ATT: -645, -698, 29931
GPS: 48478000, 1, 0, 51.4587820, -2.7906520, 0.0000, 33.6900, 42.7500, 25.1500, 300.6300
ATT: -641, -672, 29919
GPS: 48478000, 1, 0, 51.4587820, -2.7906520, 0.0000, 33.9400, 42.7500, 25.1500, 300.6300
ATT: -910, -642, 29907
GPS: 48478000, 1, 0, 51.4587820, -2.7906520, 0.0000, 34.1100, 42.7500, 25.1500, 300.6300
ATT: -897, -611, 29922
GPS: 48478250, 1, 0, 51.4588130, -2.7907295, 0.0000, 34.2800, 43.1000, 25.3600, 300.3100
ATT: -784, -574, 29922
GPS: 48478250, 1, 0, 51.4588130, -2.7907295, 0.0000, 34.4500, 43.1000, 25.3600, 300.3100
ATT: -688, -544, 29896
GPS: 48478500, 1, 0, 51.4588390, -2.7908115, 0.0000, 34.6200, 43.4600, 25.3100, 299.2000
ATT: -830, -509, 29855
GPS: 48478500, 1, 0, 51.4588390, -2.7908115, 0.0000, 34.7900, 43.4600, 25.3100, 299.2000
ATT: -865, -502, 29818
GPS: 48478500, 1, 0, 51.4588390, -2.7908115, 0.0000, 34.8700, 43.4600, 25.3100, 299.2000
ATT: -936, -491, 29750
GPS: 48478750, 1, 0, 51.4588660, -2.7908919, 0.0000, 34.9600, 44.0300, 25.2700, 297.8000
ATT: -1011, -487, 29667
GPS: 48478750, 1, 0, 51.4588660, -2.7908919, 0.0000, 35.1200, 44.0300, 25.2700, 297.8000
ATT: -1084, -477, 29592
GPS: 48479000, 1, 0, 51.4588930, -2.7909739, 0.0000, 35.2900, 44.7200, 25.1500, 296.4000
ATT: -1169, -474, 29530
GPS: 48479000, 1, 0, 51.4588930, -2.7909739, 0.0000, 35.4600, 44.7200, 25.1500, 296.4000
ATT: -1279, -462, 29459
GPS: 48479000, 1, 0, 51.4588930, -2.7909739, 0.0000, 35.6300, 44.7200, 25.1500, 296.4000
ATT: -1420, -447, 29402
GPS: 48479250, 1, 0, 51.4589160, -2.7910581, 0.0000, 35.8000, 45.4800, 25.2600, 295.1800
ATT: -1255, -461, 29363
GPS: 48479250, 1, 0, 51.4589160, -2.7910581, 0.0000, 36.0600, 45.4800, 25.2600, 295.1800
ATT: -1174, -493, 29293
GPS: 48479500, 1, 0, 51.4589420, -2.7911420, 0.0000, 36.3900, 46.2600, 25.1400, 293.8300
ATT: -1073, -499, 29220
GPS: 48479500, 1, 0, 51.4589420, -2.7911420, 0.0000, 36.8200, 46.2600, 25.1400, 293.8300
ATT: -1008, -506, 29200
GPS: 48479500, 1, 0, 51.4589420, -2.7911420, 0.0000, 37.0700, 46.2600, 25.1400, 293.8300
ATT: -1080, -502, 29169
GPS: 48479750, 1, 0, 51.4589610, -2.7912271, 0.0000, 37.4100, 47.0000, 25.3600, 292.2400
ATT: -922, -512, 29112
GPS: 48479750, 1, 0, 51.4589610, -2.7912271, 0.0000, 37.7500, 47.0000, 25.3600, 292.2400
ATT: -894, -513, 29040
GPS: 48480000, 1, 0, 51.4589810, -2.7913127, 0.0000, 38.1700, 47.4900, 25.3500, 291.0000
ATT: -897, -507, 28985
GPS: 48480000, 1, 0, 51.4589810, -2.7913127, 0.0000, 38.5900, 47.4900, 25.3500, 291.0000
ATT: -940, -503, 28924
GPS: 48480000, 1, 0, 51.4589810, -2.7913127, 0.0000, 38.8500, 47.4900, 25.3500, 291.0000
ATT: -933, -505, 28867
GPS: 48480250, 1, 0, 51.4590030, -2.7913997, 0.0000, 39.1000, 47.9700, 25.3700, 289.7900
ATT: -904, -507, 28831
GPS: 48480250, 1, 0, 51.4590030, -2.7913997, 0.0000, 39.3600, 47.9700, 25.3700, 289.7900
ATT: -928, -488, 28795
GPS: 48480500, 1, 0, 51.4590230, -2.7914884, 0.0000, 39.6100, 48.5000, 25.4900, 288.4400
ATT: -921, -485, 28756
GPS: 48480500, 1, 0, 51.4590230, -2.7914884, 0.0000, 39.8600, 48.5000, 25.4900, 288.4400
ATT: -899, -479, 28707
GPS: 48480500, 1, 0, 51.4590230, -2.7914884, 0.0000, 40.1200, 48.5000, 25.4900, 288.4400
ATT: -814, -468, 28625
GPS: 48480750, 1, 0, 51.4590420, -2.7915771, 0.0000, 40.2900, 48.9200, 25.2700, 287.5100
ATT: -851, -471, 28550
GPS: 48480750, 1, 0, 51.4590420, -2.7915771, 0.0000, 40.5400, 48.9200, 25.2700, 287.5100
ATT: -889, -461, 28514
GPS: 48481000, 1, 0, 51.4590570, -2.7916653, 0.0000, 40.8000, 49.4000, 25.0600, 286.2900
ATT: -877, -454, 28530
GPS: 48481000, 1, 0, 51.4590570, -2.7916653, 0.0000, 41.0500, 49.4000, 25.0600, 286.2900
ATT: -796, -454, 28581
GPS: 48481000, 1, 0, 51.4590570, -2.7916653, 0.0000, 41.2200, 49.4000, 25.0600, 286.2900
ATT: -722, -454, 28614
GPS: 48481250, 1, 0, 51.4590720, -2.7917526, 0.0000, 41.3000, 50.0400, 24.5600, 284.4800
ATT: -680, -459, 28584
GPS: 48481250, 1, 0, 51.4590720, -2.7917526, 0.0000, 41.4700, 50.0400, 24.5600, 284.4800
ATT: -709, -468, 28498
GPS: 48481500, 1, 0, 51.4590840, -2.7918391, 0.0000, 41.7300, 50.7500, 24.2800, 283.0700
ATT: -689, -492, 28441
GPS: 48481500, 1, 0, 51.4590840, -2.7918391, 0.0000, 41.9800, 50.7500, 24.2800, 283.0700
ATT: -637, -516, 28396
GPS: 48481500, 1, 0, 51.4590840, -2.7918391, 0.0000, 42.1500, 50.7500, 24.2800, 283.0700
ATT: -538, -519, 28333
GPS: 48481750, 1, 0, 51.4590990, -2.7919245, 0.0000, 42.4100, 51.4700, 23.7800, 281.4400
ATT: -477, -518, 28258
GPS: 48481750, 1, 0, 51.4590990, -2.7919245, 0.0000, 42.7400, 51.4700, 23.7800, 281.4400
CMD:10,16,0,4000,514580576,-27903450, 